0 info it worked if it ends with ok
1 verbose cli [ '/usr/bin/node', '/usr/bin/npm', 'install' ]
2 info using npm@1.4.28
3 info using node@v0.10.33
4 verbose node symlink /usr/bin/node
5 warn package.json AppLB@0.0.0 No description
6 warn package.json AppLB@0.0.0 No repository field.
7 warn package.json AppLB@0.0.0 No README data
8 verbose readDependencies using package.json deps
9 verbose install where, deps [ '/home/mbenaissa/viadeo/LB',
9 verbose install   [ 'compression',
9 verbose install     'errorhandler',
9 verbose install     'loopback',
9 verbose install     'loopback-boot',
9 verbose install     'loopback-datasource-juggler',
9 verbose install     'serve-favicon',
9 verbose install     'express-session',
9 verbose install     'shelljs',
9 verbose install     'strongloop',
9 verbose install     'underscore',
9 verbose install     'debug',
9 verbose install     'loopback-explorer',
9 verbose install     'matchdep',
9 verbose install     'grunt',
9 verbose install     'grunt-css',
9 verbose install     'grunt-contrib-connect',
9 verbose install     'grunt-contrib-uglify',
9 verbose install     'grunt-contrib-concat',
9 verbose install     'grunt-contrib-watch',
9 verbose install     'grunt-shell',
9 verbose install     'grunt-contrib-copy',
9 verbose install     'grunt-karma',
9 verbose install     'grunt-open',
9 verbose install     'karma-mocha',
9 verbose install     'karma-chrome-launcher',
9 verbose install     'karma-safari-launcher',
9 verbose install     'karma-firefox-launcher',
9 verbose install     'karma-ng-scenario',
9 verbose install     'karma-script-launcher',
9 verbose install     'karma-html2js-preprocessor',
9 verbose install     'karma-jasmine',
9 verbose install     'karma-requirejs',
9 verbose install     'karma-coffee-preprocessor',
9 verbose install     'karma-phantomjs-launcher',
9 verbose install     'karma-junit-reporter',
9 verbose install     'karma',
9 verbose install     'chai',
9 verbose install     'ng-midway-tester',
9 verbose install     'jshint',
9 verbose install     'protractor',
9 verbose install     'bower' ] ]
10 info preinstall AppLB@0.0.0
11 verbose readDependencies using package.json deps
12 verbose already installed skipping grunt@~0.4.1 /home/mbenaissa/viadeo/LB
13 verbose already installed skipping grunt-css@~0.5.4 /home/mbenaissa/viadeo/LB
14 verbose already installed skipping grunt-contrib-connect@~0.1.2 /home/mbenaissa/viadeo/LB
15 verbose already installed skipping grunt-contrib-uglify@~0.2.1 /home/mbenaissa/viadeo/LB
16 verbose already installed skipping grunt-contrib-concat@~0.3.0 /home/mbenaissa/viadeo/LB
17 verbose already installed skipping grunt-contrib-watch@~0.4.4 /home/mbenaissa/viadeo/LB
18 verbose already installed skipping grunt-shell@~0.2.2 /home/mbenaissa/viadeo/LB
19 verbose already installed skipping grunt-contrib-copy@~0.4.1 /home/mbenaissa/viadeo/LB
20 verbose cache add [ 'grunt-karma@latest', null ]
21 verbose cache add name=undefined spec="grunt-karma@latest" args=["grunt-karma@latest",null]
22 verbose parsed url { protocol: null,
22 verbose parsed url   slashes: null,
22 verbose parsed url   auth: null,
22 verbose parsed url   host: null,
22 verbose parsed url   port: null,
22 verbose parsed url   hostname: null,
22 verbose parsed url   hash: null,
22 verbose parsed url   search: null,
22 verbose parsed url   query: null,
22 verbose parsed url   pathname: 'grunt-karma@latest',
22 verbose parsed url   path: 'grunt-karma@latest',
22 verbose parsed url   href: 'grunt-karma@latest' }
23 verbose cache add [ 'grunt-open@latest', null ]
24 verbose cache add name=undefined spec="grunt-open@latest" args=["grunt-open@latest",null]
25 verbose parsed url { protocol: null,
25 verbose parsed url   slashes: null,
25 verbose parsed url   auth: null,
25 verbose parsed url   host: null,
25 verbose parsed url   port: null,
25 verbose parsed url   hostname: null,
25 verbose parsed url   hash: null,
25 verbose parsed url   search: null,
25 verbose parsed url   query: null,
25 verbose parsed url   pathname: 'grunt-open@latest',
25 verbose parsed url   path: 'grunt-open@latest',
25 verbose parsed url   href: 'grunt-open@latest' }
26 verbose cache add [ 'karma-mocha@latest', null ]
27 verbose cache add name=undefined spec="karma-mocha@latest" args=["karma-mocha@latest",null]
28 verbose parsed url { protocol: null,
28 verbose parsed url   slashes: null,
28 verbose parsed url   auth: null,
28 verbose parsed url   host: null,
28 verbose parsed url   port: null,
28 verbose parsed url   hostname: null,
28 verbose parsed url   hash: null,
28 verbose parsed url   search: null,
28 verbose parsed url   query: null,
28 verbose parsed url   pathname: 'karma-mocha@latest',
28 verbose parsed url   path: 'karma-mocha@latest',
28 verbose parsed url   href: 'karma-mocha@latest' }
29 verbose cache add [ 'karma-chrome-launcher@latest', null ]
30 verbose cache add name=undefined spec="karma-chrome-launcher@latest" args=["karma-chrome-launcher@latest",null]
31 verbose parsed url { protocol: null,
31 verbose parsed url   slashes: null,
31 verbose parsed url   auth: null,
31 verbose parsed url   host: null,
31 verbose parsed url   port: null,
31 verbose parsed url   hostname: null,
31 verbose parsed url   hash: null,
31 verbose parsed url   search: null,
31 verbose parsed url   query: null,
31 verbose parsed url   pathname: 'karma-chrome-launcher@latest',
31 verbose parsed url   path: 'karma-chrome-launcher@latest',
31 verbose parsed url   href: 'karma-chrome-launcher@latest' }
32 verbose cache add [ 'karma-safari-launcher@latest', null ]
33 verbose cache add name=undefined spec="karma-safari-launcher@latest" args=["karma-safari-launcher@latest",null]
34 verbose parsed url { protocol: null,
34 verbose parsed url   slashes: null,
34 verbose parsed url   auth: null,
34 verbose parsed url   host: null,
34 verbose parsed url   port: null,
34 verbose parsed url   hostname: null,
34 verbose parsed url   hash: null,
34 verbose parsed url   search: null,
34 verbose parsed url   query: null,
34 verbose parsed url   pathname: 'karma-safari-launcher@latest',
34 verbose parsed url   path: 'karma-safari-launcher@latest',
34 verbose parsed url   href: 'karma-safari-launcher@latest' }
35 verbose cache add [ 'karma-firefox-launcher@latest', null ]
36 verbose cache add name=undefined spec="karma-firefox-launcher@latest" args=["karma-firefox-launcher@latest",null]
37 verbose parsed url { protocol: null,
37 verbose parsed url   slashes: null,
37 verbose parsed url   auth: null,
37 verbose parsed url   host: null,
37 verbose parsed url   port: null,
37 verbose parsed url   hostname: null,
37 verbose parsed url   hash: null,
37 verbose parsed url   search: null,
37 verbose parsed url   query: null,
37 verbose parsed url   pathname: 'karma-firefox-launcher@latest',
37 verbose parsed url   path: 'karma-firefox-launcher@latest',
37 verbose parsed url   href: 'karma-firefox-launcher@latest' }
38 verbose cache add [ 'karma-ng-scenario@latest', null ]
39 verbose cache add name=undefined spec="karma-ng-scenario@latest" args=["karma-ng-scenario@latest",null]
40 verbose parsed url { protocol: null,
40 verbose parsed url   slashes: null,
40 verbose parsed url   auth: null,
40 verbose parsed url   host: null,
40 verbose parsed url   port: null,
40 verbose parsed url   hostname: null,
40 verbose parsed url   hash: null,
40 verbose parsed url   search: null,
40 verbose parsed url   query: null,
40 verbose parsed url   pathname: 'karma-ng-scenario@latest',
40 verbose parsed url   path: 'karma-ng-scenario@latest',
40 verbose parsed url   href: 'karma-ng-scenario@latest' }
41 verbose cache add [ 'karma-script-launcher@latest', null ]
42 verbose cache add name=undefined spec="karma-script-launcher@latest" args=["karma-script-launcher@latest",null]
43 verbose parsed url { protocol: null,
43 verbose parsed url   slashes: null,
43 verbose parsed url   auth: null,
43 verbose parsed url   host: null,
43 verbose parsed url   port: null,
43 verbose parsed url   hostname: null,
43 verbose parsed url   hash: null,
43 verbose parsed url   search: null,
43 verbose parsed url   query: null,
43 verbose parsed url   pathname: 'karma-script-launcher@latest',
43 verbose parsed url   path: 'karma-script-launcher@latest',
43 verbose parsed url   href: 'karma-script-launcher@latest' }
44 verbose cache add [ 'karma-html2js-preprocessor@latest', null ]
45 verbose cache add name=undefined spec="karma-html2js-preprocessor@latest" args=["karma-html2js-preprocessor@latest",null]
46 verbose parsed url { protocol: null,
46 verbose parsed url   slashes: null,
46 verbose parsed url   auth: null,
46 verbose parsed url   host: null,
46 verbose parsed url   port: null,
46 verbose parsed url   hostname: null,
46 verbose parsed url   hash: null,
46 verbose parsed url   search: null,
46 verbose parsed url   query: null,
46 verbose parsed url   pathname: 'karma-html2js-preprocessor@latest',
46 verbose parsed url   path: 'karma-html2js-preprocessor@latest',
46 verbose parsed url   href: 'karma-html2js-preprocessor@latest' }
47 verbose cache add [ 'karma-jasmine@latest', null ]
48 verbose cache add name=undefined spec="karma-jasmine@latest" args=["karma-jasmine@latest",null]
49 verbose parsed url { protocol: null,
49 verbose parsed url   slashes: null,
49 verbose parsed url   auth: null,
49 verbose parsed url   host: null,
49 verbose parsed url   port: null,
49 verbose parsed url   hostname: null,
49 verbose parsed url   hash: null,
49 verbose parsed url   search: null,
49 verbose parsed url   query: null,
49 verbose parsed url   pathname: 'karma-jasmine@latest',
49 verbose parsed url   path: 'karma-jasmine@latest',
49 verbose parsed url   href: 'karma-jasmine@latest' }
50 verbose cache add [ 'karma-requirejs@latest', null ]
51 verbose cache add name=undefined spec="karma-requirejs@latest" args=["karma-requirejs@latest",null]
52 verbose parsed url { protocol: null,
52 verbose parsed url   slashes: null,
52 verbose parsed url   auth: null,
52 verbose parsed url   host: null,
52 verbose parsed url   port: null,
52 verbose parsed url   hostname: null,
52 verbose parsed url   hash: null,
52 verbose parsed url   search: null,
52 verbose parsed url   query: null,
52 verbose parsed url   pathname: 'karma-requirejs@latest',
52 verbose parsed url   path: 'karma-requirejs@latest',
52 verbose parsed url   href: 'karma-requirejs@latest' }
53 verbose cache add [ 'karma-coffee-preprocessor@latest', null ]
54 verbose cache add name=undefined spec="karma-coffee-preprocessor@latest" args=["karma-coffee-preprocessor@latest",null]
55 verbose parsed url { protocol: null,
55 verbose parsed url   slashes: null,
55 verbose parsed url   auth: null,
55 verbose parsed url   host: null,
55 verbose parsed url   port: null,
55 verbose parsed url   hostname: null,
55 verbose parsed url   hash: null,
55 verbose parsed url   search: null,
55 verbose parsed url   query: null,
55 verbose parsed url   pathname: 'karma-coffee-preprocessor@latest',
55 verbose parsed url   path: 'karma-coffee-preprocessor@latest',
55 verbose parsed url   href: 'karma-coffee-preprocessor@latest' }
56 verbose cache add [ 'karma-phantomjs-launcher@latest', null ]
57 verbose cache add name=undefined spec="karma-phantomjs-launcher@latest" args=["karma-phantomjs-launcher@latest",null]
58 verbose parsed url { protocol: null,
58 verbose parsed url   slashes: null,
58 verbose parsed url   auth: null,
58 verbose parsed url   host: null,
58 verbose parsed url   port: null,
58 verbose parsed url   hostname: null,
58 verbose parsed url   hash: null,
58 verbose parsed url   search: null,
58 verbose parsed url   query: null,
58 verbose parsed url   pathname: 'karma-phantomjs-launcher@latest',
58 verbose parsed url   path: 'karma-phantomjs-launcher@latest',
58 verbose parsed url   href: 'karma-phantomjs-launcher@latest' }
59 verbose cache add [ 'karma-junit-reporter@latest', null ]
60 verbose cache add name=undefined spec="karma-junit-reporter@latest" args=["karma-junit-reporter@latest",null]
61 verbose parsed url { protocol: null,
61 verbose parsed url   slashes: null,
61 verbose parsed url   auth: null,
61 verbose parsed url   host: null,
61 verbose parsed url   port: null,
61 verbose parsed url   hostname: null,
61 verbose parsed url   hash: null,
61 verbose parsed url   search: null,
61 verbose parsed url   query: null,
61 verbose parsed url   pathname: 'karma-junit-reporter@latest',
61 verbose parsed url   path: 'karma-junit-reporter@latest',
61 verbose parsed url   href: 'karma-junit-reporter@latest' }
62 verbose cache add [ 'karma@latest', null ]
63 verbose cache add name=undefined spec="karma@latest" args=["karma@latest",null]
64 verbose parsed url { protocol: null,
64 verbose parsed url   slashes: null,
64 verbose parsed url   auth: null,
64 verbose parsed url   host: null,
64 verbose parsed url   port: null,
64 verbose parsed url   hostname: null,
64 verbose parsed url   hash: null,
64 verbose parsed url   search: null,
64 verbose parsed url   query: null,
64 verbose parsed url   pathname: 'karma@latest',
64 verbose parsed url   path: 'karma@latest',
64 verbose parsed url   href: 'karma@latest' }
65 verbose cache add [ 'chai@latest', null ]
66 verbose cache add name=undefined spec="chai@latest" args=["chai@latest",null]
67 verbose parsed url { protocol: null,
67 verbose parsed url   slashes: null,
67 verbose parsed url   auth: null,
67 verbose parsed url   host: null,
67 verbose parsed url   port: null,
67 verbose parsed url   hostname: null,
67 verbose parsed url   hash: null,
67 verbose parsed url   search: null,
67 verbose parsed url   query: null,
67 verbose parsed url   pathname: 'chai@latest',
67 verbose parsed url   path: 'chai@latest',
67 verbose parsed url   href: 'chai@latest' }
68 verbose cache add name="grunt-karma" spec="latest" args=["grunt-karma","latest"]
69 verbose parsed url { protocol: null,
69 verbose parsed url   slashes: null,
69 verbose parsed url   auth: null,
69 verbose parsed url   host: null,
69 verbose parsed url   port: null,
69 verbose parsed url   hostname: null,
69 verbose parsed url   hash: null,
69 verbose parsed url   search: null,
69 verbose parsed url   query: null,
69 verbose parsed url   pathname: 'latest',
69 verbose parsed url   path: 'latest',
69 verbose parsed url   href: 'latest' }
70 verbose addNamed [ 'grunt-karma', 'latest' ]
71 verbose addNamed [ null, null ]
72 verbose cache add name="grunt-open" spec="latest" args=["grunt-open","latest"]
73 verbose parsed url { protocol: null,
73 verbose parsed url   slashes: null,
73 verbose parsed url   auth: null,
73 verbose parsed url   host: null,
73 verbose parsed url   port: null,
73 verbose parsed url   hostname: null,
73 verbose parsed url   hash: null,
73 verbose parsed url   search: null,
73 verbose parsed url   query: null,
73 verbose parsed url   pathname: 'latest',
73 verbose parsed url   path: 'latest',
73 verbose parsed url   href: 'latest' }
74 verbose addNamed [ 'grunt-open', 'latest' ]
75 verbose addNamed [ null, null ]
76 verbose cache add name="karma-mocha" spec="latest" args=["karma-mocha","latest"]
77 verbose parsed url { protocol: null,
77 verbose parsed url   slashes: null,
77 verbose parsed url   auth: null,
77 verbose parsed url   host: null,
77 verbose parsed url   port: null,
77 verbose parsed url   hostname: null,
77 verbose parsed url   hash: null,
77 verbose parsed url   search: null,
77 verbose parsed url   query: null,
77 verbose parsed url   pathname: 'latest',
77 verbose parsed url   path: 'latest',
77 verbose parsed url   href: 'latest' }
78 verbose addNamed [ 'karma-mocha', 'latest' ]
79 verbose addNamed [ null, null ]
80 verbose cache add name="karma-chrome-launcher" spec="latest" args=["karma-chrome-launcher","latest"]
81 verbose parsed url { protocol: null,
81 verbose parsed url   slashes: null,
81 verbose parsed url   auth: null,
81 verbose parsed url   host: null,
81 verbose parsed url   port: null,
81 verbose parsed url   hostname: null,
81 verbose parsed url   hash: null,
81 verbose parsed url   search: null,
81 verbose parsed url   query: null,
81 verbose parsed url   pathname: 'latest',
81 verbose parsed url   path: 'latest',
81 verbose parsed url   href: 'latest' }
82 verbose addNamed [ 'karma-chrome-launcher', 'latest' ]
83 verbose addNamed [ null, null ]
84 verbose cache add name="karma-safari-launcher" spec="latest" args=["karma-safari-launcher","latest"]
85 verbose parsed url { protocol: null,
85 verbose parsed url   slashes: null,
85 verbose parsed url   auth: null,
85 verbose parsed url   host: null,
85 verbose parsed url   port: null,
85 verbose parsed url   hostname: null,
85 verbose parsed url   hash: null,
85 verbose parsed url   search: null,
85 verbose parsed url   query: null,
85 verbose parsed url   pathname: 'latest',
85 verbose parsed url   path: 'latest',
85 verbose parsed url   href: 'latest' }
86 verbose addNamed [ 'karma-safari-launcher', 'latest' ]
87 verbose addNamed [ null, null ]
88 verbose cache add name="karma-firefox-launcher" spec="latest" args=["karma-firefox-launcher","latest"]
89 verbose parsed url { protocol: null,
89 verbose parsed url   slashes: null,
89 verbose parsed url   auth: null,
89 verbose parsed url   host: null,
89 verbose parsed url   port: null,
89 verbose parsed url   hostname: null,
89 verbose parsed url   hash: null,
89 verbose parsed url   search: null,
89 verbose parsed url   query: null,
89 verbose parsed url   pathname: 'latest',
89 verbose parsed url   path: 'latest',
89 verbose parsed url   href: 'latest' }
90 verbose addNamed [ 'karma-firefox-launcher', 'latest' ]
91 verbose addNamed [ null, null ]
92 verbose cache add name="karma-ng-scenario" spec="latest" args=["karma-ng-scenario","latest"]
93 verbose parsed url { protocol: null,
93 verbose parsed url   slashes: null,
93 verbose parsed url   auth: null,
93 verbose parsed url   host: null,
93 verbose parsed url   port: null,
93 verbose parsed url   hostname: null,
93 verbose parsed url   hash: null,
93 verbose parsed url   search: null,
93 verbose parsed url   query: null,
93 verbose parsed url   pathname: 'latest',
93 verbose parsed url   path: 'latest',
93 verbose parsed url   href: 'latest' }
94 verbose addNamed [ 'karma-ng-scenario', 'latest' ]
95 verbose addNamed [ null, null ]
96 verbose cache add name="karma-script-launcher" spec="latest" args=["karma-script-launcher","latest"]
97 verbose parsed url { protocol: null,
97 verbose parsed url   slashes: null,
97 verbose parsed url   auth: null,
97 verbose parsed url   host: null,
97 verbose parsed url   port: null,
97 verbose parsed url   hostname: null,
97 verbose parsed url   hash: null,
97 verbose parsed url   search: null,
97 verbose parsed url   query: null,
97 verbose parsed url   pathname: 'latest',
97 verbose parsed url   path: 'latest',
97 verbose parsed url   href: 'latest' }
98 verbose addNamed [ 'karma-script-launcher', 'latest' ]
99 verbose addNamed [ null, null ]
100 verbose cache add name="karma-html2js-preprocessor" spec="latest" args=["karma-html2js-preprocessor","latest"]
101 verbose parsed url { protocol: null,
101 verbose parsed url   slashes: null,
101 verbose parsed url   auth: null,
101 verbose parsed url   host: null,
101 verbose parsed url   port: null,
101 verbose parsed url   hostname: null,
101 verbose parsed url   hash: null,
101 verbose parsed url   search: null,
101 verbose parsed url   query: null,
101 verbose parsed url   pathname: 'latest',
101 verbose parsed url   path: 'latest',
101 verbose parsed url   href: 'latest' }
102 verbose addNamed [ 'karma-html2js-preprocessor', 'latest' ]
103 verbose addNamed [ null, null ]
104 verbose cache add name="karma-jasmine" spec="latest" args=["karma-jasmine","latest"]
105 verbose parsed url { protocol: null,
105 verbose parsed url   slashes: null,
105 verbose parsed url   auth: null,
105 verbose parsed url   host: null,
105 verbose parsed url   port: null,
105 verbose parsed url   hostname: null,
105 verbose parsed url   hash: null,
105 verbose parsed url   search: null,
105 verbose parsed url   query: null,
105 verbose parsed url   pathname: 'latest',
105 verbose parsed url   path: 'latest',
105 verbose parsed url   href: 'latest' }
106 verbose addNamed [ 'karma-jasmine', 'latest' ]
107 verbose addNamed [ null, null ]
108 verbose cache add name="karma-requirejs" spec="latest" args=["karma-requirejs","latest"]
109 verbose parsed url { protocol: null,
109 verbose parsed url   slashes: null,
109 verbose parsed url   auth: null,
109 verbose parsed url   host: null,
109 verbose parsed url   port: null,
109 verbose parsed url   hostname: null,
109 verbose parsed url   hash: null,
109 verbose parsed url   search: null,
109 verbose parsed url   query: null,
109 verbose parsed url   pathname: 'latest',
109 verbose parsed url   path: 'latest',
109 verbose parsed url   href: 'latest' }
110 verbose addNamed [ 'karma-requirejs', 'latest' ]
111 verbose addNamed [ null, null ]
112 verbose cache add name="karma-coffee-preprocessor" spec="latest" args=["karma-coffee-preprocessor","latest"]
113 verbose parsed url { protocol: null,
113 verbose parsed url   slashes: null,
113 verbose parsed url   auth: null,
113 verbose parsed url   host: null,
113 verbose parsed url   port: null,
113 verbose parsed url   hostname: null,
113 verbose parsed url   hash: null,
113 verbose parsed url   search: null,
113 verbose parsed url   query: null,
113 verbose parsed url   pathname: 'latest',
113 verbose parsed url   path: 'latest',
113 verbose parsed url   href: 'latest' }
114 verbose addNamed [ 'karma-coffee-preprocessor', 'latest' ]
115 verbose addNamed [ null, null ]
116 verbose cache add name="karma-phantomjs-launcher" spec="latest" args=["karma-phantomjs-launcher","latest"]
117 verbose parsed url { protocol: null,
117 verbose parsed url   slashes: null,
117 verbose parsed url   auth: null,
117 verbose parsed url   host: null,
117 verbose parsed url   port: null,
117 verbose parsed url   hostname: null,
117 verbose parsed url   hash: null,
117 verbose parsed url   search: null,
117 verbose parsed url   query: null,
117 verbose parsed url   pathname: 'latest',
117 verbose parsed url   path: 'latest',
117 verbose parsed url   href: 'latest' }
118 verbose addNamed [ 'karma-phantomjs-launcher', 'latest' ]
119 verbose addNamed [ null, null ]
120 verbose cache add name="karma-junit-reporter" spec="latest" args=["karma-junit-reporter","latest"]
121 verbose parsed url { protocol: null,
121 verbose parsed url   slashes: null,
121 verbose parsed url   auth: null,
121 verbose parsed url   host: null,
121 verbose parsed url   port: null,
121 verbose parsed url   hostname: null,
121 verbose parsed url   hash: null,
121 verbose parsed url   search: null,
121 verbose parsed url   query: null,
121 verbose parsed url   pathname: 'latest',
121 verbose parsed url   path: 'latest',
121 verbose parsed url   href: 'latest' }
122 verbose addNamed [ 'karma-junit-reporter', 'latest' ]
123 verbose addNamed [ null, null ]
124 verbose cache add name="karma" spec="latest" args=["karma","latest"]
125 verbose parsed url { protocol: null,
125 verbose parsed url   slashes: null,
125 verbose parsed url   auth: null,
125 verbose parsed url   host: null,
125 verbose parsed url   port: null,
125 verbose parsed url   hostname: null,
125 verbose parsed url   hash: null,
125 verbose parsed url   search: null,
125 verbose parsed url   query: null,
125 verbose parsed url   pathname: 'latest',
125 verbose parsed url   path: 'latest',
125 verbose parsed url   href: 'latest' }
126 verbose addNamed [ 'karma', 'latest' ]
127 verbose addNamed [ null, null ]
128 verbose cache add name="chai" spec="latest" args=["chai","latest"]
129 verbose parsed url { protocol: null,
129 verbose parsed url   slashes: null,
129 verbose parsed url   auth: null,
129 verbose parsed url   host: null,
129 verbose parsed url   port: null,
129 verbose parsed url   hostname: null,
129 verbose parsed url   hash: null,
129 verbose parsed url   search: null,
129 verbose parsed url   query: null,
129 verbose parsed url   pathname: 'latest',
129 verbose parsed url   path: 'latest',
129 verbose parsed url   href: 'latest' }
130 verbose addNamed [ 'chai', 'latest' ]
131 verbose addNamed [ null, null ]
132 verbose cache add [ 'ng-midway-tester@latest', null ]
133 verbose cache add name=undefined spec="ng-midway-tester@latest" args=["ng-midway-tester@latest",null]
134 verbose parsed url { protocol: null,
134 verbose parsed url   slashes: null,
134 verbose parsed url   auth: null,
134 verbose parsed url   host: null,
134 verbose parsed url   port: null,
134 verbose parsed url   hostname: null,
134 verbose parsed url   hash: null,
134 verbose parsed url   search: null,
134 verbose parsed url   query: null,
134 verbose parsed url   pathname: 'ng-midway-tester@latest',
134 verbose parsed url   path: 'ng-midway-tester@latest',
134 verbose parsed url   href: 'ng-midway-tester@latest' }
135 verbose cache add [ 'jshint@latest', null ]
136 verbose cache add name=undefined spec="jshint@latest" args=["jshint@latest",null]
137 verbose parsed url { protocol: null,
137 verbose parsed url   slashes: null,
137 verbose parsed url   auth: null,
137 verbose parsed url   host: null,
137 verbose parsed url   port: null,
137 verbose parsed url   hostname: null,
137 verbose parsed url   hash: null,
137 verbose parsed url   search: null,
137 verbose parsed url   query: null,
137 verbose parsed url   pathname: 'jshint@latest',
137 verbose parsed url   path: 'jshint@latest',
137 verbose parsed url   href: 'jshint@latest' }
138 verbose cache add [ 'protractor@latest', null ]
139 verbose cache add name=undefined spec="protractor@latest" args=["protractor@latest",null]
140 verbose parsed url { protocol: null,
140 verbose parsed url   slashes: null,
140 verbose parsed url   auth: null,
140 verbose parsed url   host: null,
140 verbose parsed url   port: null,
140 verbose parsed url   hostname: null,
140 verbose parsed url   hash: null,
140 verbose parsed url   search: null,
140 verbose parsed url   query: null,
140 verbose parsed url   pathname: 'protractor@latest',
140 verbose parsed url   path: 'protractor@latest',
140 verbose parsed url   href: 'protractor@latest' }
141 verbose cache add [ 'bower@latest', null ]
142 verbose cache add name=undefined spec="bower@latest" args=["bower@latest",null]
143 verbose parsed url { protocol: null,
143 verbose parsed url   slashes: null,
143 verbose parsed url   auth: null,
143 verbose parsed url   host: null,
143 verbose parsed url   port: null,
143 verbose parsed url   hostname: null,
143 verbose parsed url   hash: null,
143 verbose parsed url   search: null,
143 verbose parsed url   query: null,
143 verbose parsed url   pathname: 'bower@latest',
143 verbose parsed url   path: 'bower@latest',
143 verbose parsed url   href: 'bower@latest' }
144 verbose already installed skipping compression@^1.0.3 /home/mbenaissa/viadeo/LB
145 verbose already installed skipping loopback@^2.8.0 /home/mbenaissa/viadeo/LB
146 verbose already installed skipping errorhandler@^1.1.1 /home/mbenaissa/viadeo/LB
147 verbose already installed skipping loopback-boot@^2.4.0 /home/mbenaissa/viadeo/LB
148 verbose already installed skipping loopback-datasource-juggler@^2.7.0 /home/mbenaissa/viadeo/LB
149 verbose already installed skipping serve-favicon@^2.0.1 /home/mbenaissa/viadeo/LB
150 verbose already installed skipping express-session@~1.7.6 /home/mbenaissa/viadeo/LB
151 verbose already installed skipping shelljs@^0.3.0 /home/mbenaissa/viadeo/LB
152 verbose already installed skipping strongloop@^2.9.2 /home/mbenaissa/viadeo/LB
153 verbose already installed skipping underscore@^1.7.0 /home/mbenaissa/viadeo/LB
154 silly lockFile 60905be5-grunt-karma-latest grunt-karma@latest
155 verbose lock grunt-karma@latest /home/mbenaissa/.npm/60905be5-grunt-karma-latest.lock
156 silly lockFile eb39e0d2-grunt-open-latest grunt-open@latest
157 verbose lock grunt-open@latest /home/mbenaissa/.npm/eb39e0d2-grunt-open-latest.lock
158 silly lockFile 8d5a493d-karma-mocha-latest karma-mocha@latest
159 verbose lock karma-mocha@latest /home/mbenaissa/.npm/8d5a493d-karma-mocha-latest.lock
160 silly lockFile a0517ef2-karma-chrome-launcher-latest karma-chrome-launcher@latest
161 verbose lock karma-chrome-launcher@latest /home/mbenaissa/.npm/a0517ef2-karma-chrome-launcher-latest.lock
162 silly lockFile 710372b0-karma-safari-launcher-latest karma-safari-launcher@latest
163 verbose lock karma-safari-launcher@latest /home/mbenaissa/.npm/710372b0-karma-safari-launcher-latest.lock
164 silly lockFile 5c09dcf1-karma-firefox-launcher-latest karma-firefox-launcher@latest
165 verbose lock karma-firefox-launcher@latest /home/mbenaissa/.npm/5c09dcf1-karma-firefox-launcher-latest.lock
166 silly lockFile 5429f088-karma-ng-scenario-latest karma-ng-scenario@latest
167 verbose lock karma-ng-scenario@latest /home/mbenaissa/.npm/5429f088-karma-ng-scenario-latest.lock
168 silly lockFile 81b83165-karma-script-launcher-latest karma-script-launcher@latest
169 verbose lock karma-script-launcher@latest /home/mbenaissa/.npm/81b83165-karma-script-launcher-latest.lock
170 silly lockFile 429a63ec-arma-html2js-preprocessor-latest karma-html2js-preprocessor@latest
171 verbose lock karma-html2js-preprocessor@latest /home/mbenaissa/.npm/429a63ec-arma-html2js-preprocessor-latest.lock
172 silly lockFile fe6b688d-karma-jasmine-latest karma-jasmine@latest
173 verbose lock karma-jasmine@latest /home/mbenaissa/.npm/fe6b688d-karma-jasmine-latest.lock
174 silly lockFile d5f0fa0a-karma-requirejs-latest karma-requirejs@latest
175 verbose lock karma-requirejs@latest /home/mbenaissa/.npm/d5f0fa0a-karma-requirejs-latest.lock
176 silly lockFile 12e6d8ac-karma-coffee-preprocessor-latest karma-coffee-preprocessor@latest
177 verbose lock karma-coffee-preprocessor@latest /home/mbenaissa/.npm/12e6d8ac-karma-coffee-preprocessor-latest.lock
178 silly lockFile 42167f8a-karma-phantomjs-launcher-latest karma-phantomjs-launcher@latest
179 verbose lock karma-phantomjs-launcher@latest /home/mbenaissa/.npm/42167f8a-karma-phantomjs-launcher-latest.lock
180 silly lockFile 30dd8555-karma-junit-reporter-latest karma-junit-reporter@latest
181 verbose lock karma-junit-reporter@latest /home/mbenaissa/.npm/30dd8555-karma-junit-reporter-latest.lock
182 silly lockFile 3f9391e6-karma-latest karma@latest
183 verbose lock karma@latest /home/mbenaissa/.npm/3f9391e6-karma-latest.lock
184 silly lockFile 332f8fe7-chai-latest chai@latest
185 verbose lock chai@latest /home/mbenaissa/.npm/332f8fe7-chai-latest.lock
186 verbose cache add name="ng-midway-tester" spec="latest" args=["ng-midway-tester","latest"]
187 verbose parsed url { protocol: null,
187 verbose parsed url   slashes: null,
187 verbose parsed url   auth: null,
187 verbose parsed url   host: null,
187 verbose parsed url   port: null,
187 verbose parsed url   hostname: null,
187 verbose parsed url   hash: null,
187 verbose parsed url   search: null,
187 verbose parsed url   query: null,
187 verbose parsed url   pathname: 'latest',
187 verbose parsed url   path: 'latest',
187 verbose parsed url   href: 'latest' }
188 verbose addNamed [ 'ng-midway-tester', 'latest' ]
189 verbose addNamed [ null, null ]
190 silly lockFile 0a909788-ng-midway-tester-latest ng-midway-tester@latest
191 verbose lock ng-midway-tester@latest /home/mbenaissa/.npm/0a909788-ng-midway-tester-latest.lock
192 verbose cache add name="jshint" spec="latest" args=["jshint","latest"]
193 verbose parsed url { protocol: null,
193 verbose parsed url   slashes: null,
193 verbose parsed url   auth: null,
193 verbose parsed url   host: null,
193 verbose parsed url   port: null,
193 verbose parsed url   hostname: null,
193 verbose parsed url   hash: null,
193 verbose parsed url   search: null,
193 verbose parsed url   query: null,
193 verbose parsed url   pathname: 'latest',
193 verbose parsed url   path: 'latest',
193 verbose parsed url   href: 'latest' }
194 verbose addNamed [ 'jshint', 'latest' ]
195 verbose addNamed [ null, null ]
196 silly lockFile 8dffed48-jshint-latest jshint@latest
197 verbose lock jshint@latest /home/mbenaissa/.npm/8dffed48-jshint-latest.lock
198 verbose cache add name="protractor" spec="latest" args=["protractor","latest"]
199 verbose parsed url { protocol: null,
199 verbose parsed url   slashes: null,
199 verbose parsed url   auth: null,
199 verbose parsed url   host: null,
199 verbose parsed url   port: null,
199 verbose parsed url   hostname: null,
199 verbose parsed url   hash: null,
199 verbose parsed url   search: null,
199 verbose parsed url   query: null,
199 verbose parsed url   pathname: 'latest',
199 verbose parsed url   path: 'latest',
199 verbose parsed url   href: 'latest' }
200 verbose addNamed [ 'protractor', 'latest' ]
201 verbose addNamed [ null, null ]
202 silly lockFile 197c7c37-protractor-latest protractor@latest
203 verbose lock protractor@latest /home/mbenaissa/.npm/197c7c37-protractor-latest.lock
204 verbose cache add name="bower" spec="latest" args=["bower","latest"]
205 verbose parsed url { protocol: null,
205 verbose parsed url   slashes: null,
205 verbose parsed url   auth: null,
205 verbose parsed url   host: null,
205 verbose parsed url   port: null,
205 verbose parsed url   hostname: null,
205 verbose parsed url   hash: null,
205 verbose parsed url   search: null,
205 verbose parsed url   query: null,
205 verbose parsed url   pathname: 'latest',
205 verbose parsed url   path: 'latest',
205 verbose parsed url   href: 'latest' }
206 verbose addNamed [ 'bower', 'latest' ]
207 verbose addNamed [ null, null ]
208 silly lockFile 09819b10-bower-latest bower@latest
209 verbose lock bower@latest /home/mbenaissa/.npm/09819b10-bower-latest.lock
210 verbose already installed skipping debug@~2.0.0 /home/mbenaissa/viadeo/LB
211 verbose already installed skipping loopback-explorer@^1.1.0 /home/mbenaissa/viadeo/LB
212 verbose already installed skipping matchdep@~0.1.2 /home/mbenaissa/viadeo/LB
213 info addNameTag [ 'grunt-karma', 'latest' ]
214 info addNameTag [ 'grunt-open', 'latest' ]
215 info addNameTag [ 'karma-mocha', 'latest' ]
216 info addNameTag [ 'karma-chrome-launcher', 'latest' ]
217 info addNameTag [ 'karma-safari-launcher', 'latest' ]
218 info addNameTag [ 'karma-firefox-launcher', 'latest' ]
219 info addNameTag [ 'karma-ng-scenario', 'latest' ]
220 info addNameTag [ 'karma-script-launcher', 'latest' ]
221 info addNameTag [ 'karma-html2js-preprocessor', 'latest' ]
222 info addNameTag [ 'karma-jasmine', 'latest' ]
223 info addNameTag [ 'karma-requirejs', 'latest' ]
224 info addNameTag [ 'karma-coffee-preprocessor', 'latest' ]
225 info addNameTag [ 'karma-phantomjs-launcher', 'latest' ]
226 info addNameTag [ 'karma-junit-reporter', 'latest' ]
227 info addNameTag [ 'karma', 'latest' ]
228 info addNameTag [ 'chai', 'latest' ]
229 info addNameTag [ 'ng-midway-tester', 'latest' ]
230 info addNameTag [ 'jshint', 'latest' ]
231 info addNameTag [ 'protractor', 'latest' ]
232 info addNameTag [ 'bower', 'latest' ]
233 verbose request where is /karma-junit-reporter
234 verbose request registry https://registry.npmjs.org/
235 verbose request id f8f6a17383f82952
236 verbose url raw /karma-junit-reporter
237 verbose url resolving [ 'https://registry.npmjs.org/', './karma-junit-reporter' ]
238 verbose url resolved https://registry.npmjs.org/karma-junit-reporter
239 verbose request where is https://registry.npmjs.org/karma-junit-reporter
240 info trying registry request attempt 1 at 15:38:59
241 http GET https://registry.npmjs.org/karma-junit-reporter
242 verbose request where is /grunt-karma
243 verbose request registry https://registry.npmjs.org/
244 verbose url raw /grunt-karma
245 verbose url resolving [ 'https://registry.npmjs.org/', './grunt-karma' ]
246 verbose url resolved https://registry.npmjs.org/grunt-karma
247 verbose request where is https://registry.npmjs.org/grunt-karma
248 info trying registry request attempt 1 at 15:38:59
249 verbose etag "52QH11D95RVQ07P1PUE51ZX9H"
250 http GET https://registry.npmjs.org/grunt-karma
251 verbose request where is /grunt-open
252 verbose request registry https://registry.npmjs.org/
253 verbose url raw /grunt-open
254 verbose url resolving [ 'https://registry.npmjs.org/', './grunt-open' ]
255 verbose url resolved https://registry.npmjs.org/grunt-open
256 verbose request where is https://registry.npmjs.org/grunt-open
257 info trying registry request attempt 1 at 15:38:59
258 verbose etag "8WSJ5A1B9ENKDDYI1I9PL81UP"
259 http GET https://registry.npmjs.org/grunt-open
260 verbose request where is /karma-mocha
261 verbose request registry https://registry.npmjs.org/
262 verbose url raw /karma-mocha
263 verbose url resolving [ 'https://registry.npmjs.org/', './karma-mocha' ]
264 verbose url resolved https://registry.npmjs.org/karma-mocha
265 verbose request where is https://registry.npmjs.org/karma-mocha
266 info trying registry request attempt 1 at 15:38:59
267 verbose etag "4GFYO1BVTYF1QV7NUS3GXHD8I"
268 http GET https://registry.npmjs.org/karma-mocha
269 verbose request where is /karma-chrome-launcher
270 verbose request registry https://registry.npmjs.org/
271 verbose url raw /karma-chrome-launcher
272 verbose url resolving [ 'https://registry.npmjs.org/', './karma-chrome-launcher' ]
273 verbose url resolved https://registry.npmjs.org/karma-chrome-launcher
274 verbose request where is https://registry.npmjs.org/karma-chrome-launcher
275 info trying registry request attempt 1 at 15:38:59
276 verbose etag "3GTYYJ0BEOOVL3FAGRP3432XH"
277 http GET https://registry.npmjs.org/karma-chrome-launcher
278 verbose request where is /karma-safari-launcher
279 verbose request registry https://registry.npmjs.org/
280 verbose url raw /karma-safari-launcher
281 verbose url resolving [ 'https://registry.npmjs.org/', './karma-safari-launcher' ]
282 verbose url resolved https://registry.npmjs.org/karma-safari-launcher
283 verbose request where is https://registry.npmjs.org/karma-safari-launcher
284 info trying registry request attempt 1 at 15:38:59
285 verbose etag "DPRFYL5G6DABIDDSZZFTQADZI"
286 http GET https://registry.npmjs.org/karma-safari-launcher
287 verbose request where is /karma-firefox-launcher
288 verbose request registry https://registry.npmjs.org/
289 verbose url raw /karma-firefox-launcher
290 verbose url resolving [ 'https://registry.npmjs.org/', './karma-firefox-launcher' ]
291 verbose url resolved https://registry.npmjs.org/karma-firefox-launcher
292 verbose request where is https://registry.npmjs.org/karma-firefox-launcher
293 info trying registry request attempt 1 at 15:38:59
294 verbose etag "EIQL6W2VFQRJLWTBS2VP3SUDF"
295 http GET https://registry.npmjs.org/karma-firefox-launcher
296 verbose request where is /karma-ng-scenario
297 verbose request registry https://registry.npmjs.org/
298 verbose url raw /karma-ng-scenario
299 verbose url resolving [ 'https://registry.npmjs.org/', './karma-ng-scenario' ]
300 verbose url resolved https://registry.npmjs.org/karma-ng-scenario
301 verbose request where is https://registry.npmjs.org/karma-ng-scenario
302 info trying registry request attempt 1 at 15:38:59
303 verbose etag "7LL2DMZF8KP7RJ32Y7K6U9MMH"
304 http GET https://registry.npmjs.org/karma-ng-scenario
305 verbose request where is /karma-script-launcher
306 verbose request registry https://registry.npmjs.org/
307 verbose url raw /karma-script-launcher
308 verbose url resolving [ 'https://registry.npmjs.org/', './karma-script-launcher' ]
309 verbose url resolved https://registry.npmjs.org/karma-script-launcher
310 verbose request where is https://registry.npmjs.org/karma-script-launcher
311 info trying registry request attempt 1 at 15:38:59
312 verbose etag "2T1RV4SJGELX2WQN5TRTPBMEC"
313 http GET https://registry.npmjs.org/karma-script-launcher
314 verbose request where is /karma-html2js-preprocessor
315 verbose request registry https://registry.npmjs.org/
316 verbose url raw /karma-html2js-preprocessor
317 verbose url resolving [ 'https://registry.npmjs.org/',
317 verbose url resolving   './karma-html2js-preprocessor' ]
318 verbose url resolved https://registry.npmjs.org/karma-html2js-preprocessor
319 verbose request where is https://registry.npmjs.org/karma-html2js-preprocessor
320 info trying registry request attempt 1 at 15:38:59
321 verbose etag "67YH8N7D3M9CRY46PK8A9ZWEG"
322 http GET https://registry.npmjs.org/karma-html2js-preprocessor
323 verbose request where is /karma-jasmine
324 verbose request registry https://registry.npmjs.org/
325 verbose url raw /karma-jasmine
326 verbose url resolving [ 'https://registry.npmjs.org/', './karma-jasmine' ]
327 verbose url resolved https://registry.npmjs.org/karma-jasmine
328 verbose request where is https://registry.npmjs.org/karma-jasmine
329 info trying registry request attempt 1 at 15:38:59
330 verbose etag "AOMPSDTEXWWW3ZX65FA0NDKC5"
331 http GET https://registry.npmjs.org/karma-jasmine
332 verbose request where is /karma-requirejs
333 verbose request registry https://registry.npmjs.org/
334 verbose url raw /karma-requirejs
335 verbose url resolving [ 'https://registry.npmjs.org/', './karma-requirejs' ]
336 verbose url resolved https://registry.npmjs.org/karma-requirejs
337 verbose request where is https://registry.npmjs.org/karma-requirejs
338 info trying registry request attempt 1 at 15:38:59
339 verbose etag "EBKXLN6SYJ4QAEVSF4BDRCFY6"
340 http GET https://registry.npmjs.org/karma-requirejs
341 verbose request where is /karma-coffee-preprocessor
342 verbose request registry https://registry.npmjs.org/
343 verbose url raw /karma-coffee-preprocessor
344 verbose url resolving [ 'https://registry.npmjs.org/', './karma-coffee-preprocessor' ]
345 verbose url resolved https://registry.npmjs.org/karma-coffee-preprocessor
346 verbose request where is https://registry.npmjs.org/karma-coffee-preprocessor
347 info trying registry request attempt 1 at 15:38:59
348 verbose etag "8RSG9LO6SZS4PEI4886ROV0MI"
349 http GET https://registry.npmjs.org/karma-coffee-preprocessor
350 verbose request where is /karma-phantomjs-launcher
351 verbose request registry https://registry.npmjs.org/
352 verbose url raw /karma-phantomjs-launcher
353 verbose url resolving [ 'https://registry.npmjs.org/', './karma-phantomjs-launcher' ]
354 verbose url resolved https://registry.npmjs.org/karma-phantomjs-launcher
355 verbose request where is https://registry.npmjs.org/karma-phantomjs-launcher
356 info trying registry request attempt 1 at 15:38:59
357 verbose etag "66UFY5MR6A83JYRYD5F5XPBQP"
358 http GET https://registry.npmjs.org/karma-phantomjs-launcher
359 verbose request where is /chai
360 verbose request registry https://registry.npmjs.org/
361 verbose url raw /chai
362 verbose url resolving [ 'https://registry.npmjs.org/', './chai' ]
363 verbose url resolved https://registry.npmjs.org/chai
364 verbose request where is https://registry.npmjs.org/chai
365 info trying registry request attempt 1 at 15:38:59
366 verbose etag "RVNUIFJULAIIHZO81MKYJ794"
367 http GET https://registry.npmjs.org/chai
368 verbose request where is /ng-midway-tester
369 verbose request registry https://registry.npmjs.org/
370 verbose url raw /ng-midway-tester
371 verbose url resolving [ 'https://registry.npmjs.org/', './ng-midway-tester' ]
372 verbose url resolved https://registry.npmjs.org/ng-midway-tester
373 verbose request where is https://registry.npmjs.org/ng-midway-tester
374 info trying registry request attempt 1 at 15:38:59
375 verbose etag "A81AMOS9IBUBVWEQUSY0PNBQV"
376 http GET https://registry.npmjs.org/ng-midway-tester
377 verbose request where is /jshint
378 verbose request registry https://registry.npmjs.org/
379 verbose url raw /jshint
380 verbose url resolving [ 'https://registry.npmjs.org/', './jshint' ]
381 verbose url resolved https://registry.npmjs.org/jshint
382 verbose request where is https://registry.npmjs.org/jshint
383 info trying registry request attempt 1 at 15:38:59
384 verbose etag "3534HPPBDGLOD0GX66TX0XI3M"
385 http GET https://registry.npmjs.org/jshint
386 verbose request where is /protractor
387 verbose request registry https://registry.npmjs.org/
388 verbose url raw /protractor
389 verbose url resolving [ 'https://registry.npmjs.org/', './protractor' ]
390 verbose url resolved https://registry.npmjs.org/protractor
391 verbose request where is https://registry.npmjs.org/protractor
392 info trying registry request attempt 1 at 15:38:59
393 verbose etag "BJH3VDHMAOOW7PVHGHQFY5191"
394 http GET https://registry.npmjs.org/protractor
395 verbose request where is /bower
396 verbose request registry https://registry.npmjs.org/
397 verbose url raw /bower
398 verbose url resolving [ 'https://registry.npmjs.org/', './bower' ]
399 verbose url resolved https://registry.npmjs.org/bower
400 verbose request where is https://registry.npmjs.org/bower
401 info trying registry request attempt 1 at 15:38:59
402 verbose etag "232E5M840FMIC7FBPX3GZWKF1"
403 http GET https://registry.npmjs.org/bower
404 verbose request where is /karma
405 verbose request registry https://registry.npmjs.org/
406 verbose url raw /karma
407 verbose url resolving [ 'https://registry.npmjs.org/', './karma' ]
408 verbose url resolved https://registry.npmjs.org/karma
409 verbose request where is https://registry.npmjs.org/karma
410 info trying registry request attempt 1 at 15:38:59
411 verbose etag "172JHDJ08HJNGUNQ0D2MWEM9I"
412 http GET https://registry.npmjs.org/karma
413 http 200 https://registry.npmjs.org/karma-junit-reporter
414 silly registry.get cb [ 200,
414 silly registry.get   { date: 'Mon, 12 Jan 2015 14:39:00 GMT',
414 silly registry.get     server: 'CouchDB/1.5.0 (Erlang OTP/R16B03)',
414 silly registry.get     etag: '"9H5OGXAD75VVEE6ISGYK8MSE4"',
414 silly registry.get     'content-type': 'application/json',
414 silly registry.get     'cache-control': 'max-age=60',
414 silly registry.get     'content-length': '8172',
414 silly registry.get     'accept-ranges': 'bytes',
414 silly registry.get     via: '1.1 varnish',
414 silly registry.get     age: '6',
414 silly registry.get     'x-served-by': 'cache-fra1247-FRA',
414 silly registry.get     'x-cache': 'HIT',
414 silly registry.get     'x-cache-hits': '1',
414 silly registry.get     'x-timer': 'S1421073540.208285,VS0,VE0',
414 silly registry.get     vary: 'Accept',
414 silly registry.get     'keep-alive': 'timeout=10, max=50',
414 silly registry.get     connection: 'Keep-Alive' } ]
415 http 304 https://registry.npmjs.org/karma-mocha
416 silly registry.get cb [ 304,
416 silly registry.get   { date: 'Mon, 12 Jan 2015 14:39:00 GMT',
416 silly registry.get     server: 'Apache',
416 silly registry.get     via: '1.1 varnish',
416 silly registry.get     'last-modified': 'Mon, 12 Jan 2015 14:39:00 GMT',
416 silly registry.get     'cache-control': 'max-age=60',
416 silly registry.get     etag: '"4GFYO1BVTYF1QV7NUS3GXHD8I"',
416 silly registry.get     age: '50',
416 silly registry.get     'x-served-by': 'cache-fra1247-FRA',
416 silly registry.get     'x-cache': 'HIT',
416 silly registry.get     'x-cache-hits': '1',
416 silly registry.get     'x-timer': 'S1421073540.216241,VS0,VE0',
416 silly registry.get     vary: 'Accept',
416 silly registry.get     'content-length': '0',
416 silly registry.get     'keep-alive': 'timeout=10, max=50',
416 silly registry.get     connection: 'Keep-Alive' } ]
417 verbose etag https://registry.npmjs.org/karma-mocha from cache
418 http 304 https://registry.npmjs.org/karma-chrome-launcher
419 silly registry.get cb [ 304,
419 silly registry.get   { date: 'Mon, 12 Jan 2015 14:39:00 GMT',
419 silly registry.get     server: 'Apache',
419 silly registry.get     via: '1.1 varnish',
419 silly registry.get     'last-modified': 'Mon, 12 Jan 2015 14:21:19 GMT',
419 silly registry.get     'cache-control': 'max-age=60',
419 silly registry.get     etag: '"3GTYYJ0BEOOVL3FAGRP3432XH"',
419 silly registry.get     age: '42',
419 silly registry.get     'x-served-by': 'cache-fra1230-FRA',
419 silly registry.get     'x-cache': 'HIT',
419 silly registry.get     'x-cache-hits': '127',
419 silly registry.get     'x-timer': 'S1421073540.217919,VS0,VE0',
419 silly registry.get     vary: 'Accept',
419 silly registry.get     'content-length': '0',
419 silly registry.get     'keep-alive': 'timeout=10, max=50',
419 silly registry.get     connection: 'Keep-Alive' } ]
420 verbose etag https://registry.npmjs.org/karma-chrome-launcher from cache
421 http 304 https://registry.npmjs.org/karma-firefox-launcher
422 silly registry.get cb [ 304,
422 silly registry.get   { date: 'Mon, 12 Jan 2015 14:39:00 GMT',
422 silly registry.get     server: 'Apache',
422 silly registry.get     via: '1.1 varnish',
422 silly registry.get     'last-modified': 'Mon, 12 Jan 2015 14:39:00 GMT',
422 silly registry.get     'cache-control': 'max-age=60',
422 silly registry.get     etag: '"EIQL6W2VFQRJLWTBS2VP3SUDF"',
422 silly registry.get     age: '6',
422 silly registry.get     'x-served-by': 'cache-fra1247-FRA',
422 silly registry.get     'x-cache': 'HIT',
422 silly registry.get     'x-cache-hits': '1',
422 silly registry.get     'x-timer': 'S1421073540.238261,VS0,VE0',
422 silly registry.get     vary: 'Accept',
422 silly registry.get     'content-length': '0',
422 silly registry.get     'keep-alive': 'timeout=10, max=49',
422 silly registry.get     connection: 'Keep-Alive' } ]
423 verbose etag https://registry.npmjs.org/karma-firefox-launcher from cache
424 verbose addNamed [ 'karma-mocha', '0.1.10' ]
425 verbose addNamed [ '0.1.10', '0.1.10' ]
426 silly lockFile 60f7092d-karma-mocha-0-1-10 karma-mocha@0.1.10
427 verbose lock karma-mocha@0.1.10 /home/mbenaissa/.npm/60f7092d-karma-mocha-0-1-10.lock
428 verbose addNamed [ 'karma-chrome-launcher', '0.1.7' ]
429 verbose addNamed [ '0.1.7', '0.1.7' ]
430 silly lockFile ced0a4a4-karma-chrome-launcher-0-1-7 karma-chrome-launcher@0.1.7
431 verbose lock karma-chrome-launcher@0.1.7 /home/mbenaissa/.npm/ced0a4a4-karma-chrome-launcher-0-1-7.lock
432 verbose addNamed [ 'karma-junit-reporter', '0.2.2' ]
433 verbose addNamed [ '0.2.2', '0.2.2' ]
434 silly lockFile 9c865114-karma-junit-reporter-0-2-2 karma-junit-reporter@0.2.2
435 verbose lock karma-junit-reporter@0.2.2 /home/mbenaissa/.npm/9c865114-karma-junit-reporter-0-2-2.lock
436 http 304 https://registry.npmjs.org/karma-ng-scenario
437 silly registry.get cb [ 304,
437 silly registry.get   { date: 'Mon, 12 Jan 2015 14:39:00 GMT',
437 silly registry.get     server: 'Apache',
437 silly registry.get     via: '1.1 varnish',
437 silly registry.get     'last-modified': 'Mon, 12 Jan 2015 13:21:54 GMT',
437 silly registry.get     'cache-control': 'max-age=60',
437 silly registry.get     etag: '"7LL2DMZF8KP7RJ32Y7K6U9MMH"',
437 silly registry.get     age: '56',
437 silly registry.get     'x-served-by': 'cache-fra1230-FRA',
437 silly registry.get     'x-cache': 'HIT',
437 silly registry.get     'x-cache-hits': '106',
437 silly registry.get     'x-timer': 'S1421073540.244240,VS0,VE0',
437 silly registry.get     vary: 'Accept',
437 silly registry.get     'content-length': '0',
437 silly registry.get     'keep-alive': 'timeout=10, max=49',
437 silly registry.get     connection: 'Keep-Alive' } ]
438 verbose etag https://registry.npmjs.org/karma-ng-scenario from cache
439 silly lockFile d2d30e51-r-karma-junit-reporter-0-2-2-tgz https://registry.npmjs.org/karma-junit-reporter/-/karma-junit-reporter-0.2.2.tgz
440 verbose lock https://registry.npmjs.org/karma-junit-reporter/-/karma-junit-reporter-0.2.2.tgz /home/mbenaissa/.npm/d2d30e51-r-karma-junit-reporter-0-2-2-tgz.lock
441 verbose addRemoteTarball [ 'https://registry.npmjs.org/karma-junit-reporter/-/karma-junit-reporter-0.2.2.tgz',
441 verbose addRemoteTarball   '4cdd4e21affd3e090e7ba73e3c766ea9e13c45ba' ]
442 verbose addNamed [ 'karma-firefox-launcher', '0.1.4' ]
443 verbose addNamed [ '0.1.4', '0.1.4' ]
444 silly lockFile 3792356a-karma-firefox-launcher-0-1-4 karma-firefox-launcher@0.1.4
445 verbose lock karma-firefox-launcher@0.1.4 /home/mbenaissa/.npm/3792356a-karma-firefox-launcher-0-1-4.lock
446 silly lockFile 60f7092d-karma-mocha-0-1-10 karma-mocha@0.1.10
447 silly lockFile 60f7092d-karma-mocha-0-1-10 karma-mocha@0.1.10
448 silly lockFile 8d5a493d-karma-mocha-latest karma-mocha@latest
449 silly lockFile 8d5a493d-karma-mocha-latest karma-mocha@latest
450 verbose addNamed [ 'karma-ng-scenario', '0.1.0' ]
451 verbose addNamed [ '0.1.0', '0.1.0' ]
452 silly lockFile f90b10d8-karma-ng-scenario-0-1-0 karma-ng-scenario@0.1.0
453 verbose lock karma-ng-scenario@0.1.0 /home/mbenaissa/.npm/f90b10d8-karma-ng-scenario-0-1-0.lock
454 silly lockFile ced0a4a4-karma-chrome-launcher-0-1-7 karma-chrome-launcher@0.1.7
455 silly lockFile ced0a4a4-karma-chrome-launcher-0-1-7 karma-chrome-launcher@0.1.7
456 silly lockFile a0517ef2-karma-chrome-launcher-latest karma-chrome-launcher@latest
457 silly lockFile a0517ef2-karma-chrome-launcher-latest karma-chrome-launcher@latest
458 info retry fetch attempt 1 at 15:39:00
459 verbose fetch to= /tmp/npm-21771-eZ-goEls/registry.npmjs.org/karma-junit-reporter/-/karma-junit-reporter-0.2.2.tgz
460 silly lockFile 3792356a-karma-firefox-launcher-0-1-4 karma-firefox-launcher@0.1.4
461 silly lockFile 3792356a-karma-firefox-launcher-0-1-4 karma-firefox-launcher@0.1.4
462 http GET https://registry.npmjs.org/karma-junit-reporter/-/karma-junit-reporter-0.2.2.tgz
463 silly lockFile 5c09dcf1-karma-firefox-launcher-latest karma-firefox-launcher@latest
464 silly lockFile 5c09dcf1-karma-firefox-launcher-latest karma-firefox-launcher@latest
465 silly lockFile f90b10d8-karma-ng-scenario-0-1-0 karma-ng-scenario@0.1.0
466 silly lockFile f90b10d8-karma-ng-scenario-0-1-0 karma-ng-scenario@0.1.0
467 silly lockFile 5429f088-karma-ng-scenario-latest karma-ng-scenario@latest
468 silly lockFile 5429f088-karma-ng-scenario-latest karma-ng-scenario@latest
469 info already installed karma-chrome-launcher@0.1.7
470 info already installed karma-mocha@0.1.10
471 info already installed karma-firefox-launcher@0.1.4
472 info already installed karma-ng-scenario@0.1.0
473 http 304 https://registry.npmjs.org/grunt-open
474 silly registry.get cb [ 304,
474 silly registry.get   { date: 'Mon, 12 Jan 2015 14:39:00 GMT',
474 silly registry.get     server: 'Apache',
474 silly registry.get     via: '1.1 varnish',
474 silly registry.get     'last-modified': 'Mon, 12 Jan 2015 14:39:00 GMT',
474 silly registry.get     'cache-control': 'max-age=60',
474 silly registry.get     etag: '"8WSJ5A1B9ENKDDYI1I9PL81UP"',
474 silly registry.get     age: '0',
474 silly registry.get     'x-served-by': 'cache-fra1221-FRA',
474 silly registry.get     'x-cache': 'HIT',
474 silly registry.get     'x-cache-hits': '1',
474 silly registry.get     'x-timer': 'S1421073540.210791,VS0,VE105',
474 silly registry.get     vary: 'Accept',
474 silly registry.get     'content-length': '0',
474 silly registry.get     'keep-alive': 'timeout=10, max=50',
474 silly registry.get     connection: 'Keep-Alive' } ]
475 verbose etag https://registry.npmjs.org/grunt-open from cache
476 verbose addNamed [ 'grunt-open', '0.2.3' ]
477 verbose addNamed [ '0.2.3', '0.2.3' ]
478 silly lockFile 3c7c0552-grunt-open-0-2-3 grunt-open@0.2.3
479 verbose lock grunt-open@0.2.3 /home/mbenaissa/.npm/3c7c0552-grunt-open-0-2-3.lock
480 silly lockFile 3c7c0552-grunt-open-0-2-3 grunt-open@0.2.3
481 silly lockFile 3c7c0552-grunt-open-0-2-3 grunt-open@0.2.3
482 silly lockFile eb39e0d2-grunt-open-latest grunt-open@latest
483 silly lockFile eb39e0d2-grunt-open-latest grunt-open@latest
484 info already installed grunt-open@0.2.3
485 http 200 https://registry.npmjs.org/karma-junit-reporter/-/karma-junit-reporter-0.2.2.tgz
486 http 304 https://registry.npmjs.org/karma-html2js-preprocessor
487 silly registry.get cb [ 304,
487 silly registry.get   { date: 'Mon, 12 Jan 2015 14:39:00 GMT',
487 silly registry.get     server: 'Apache',
487 silly registry.get     via: '1.1 varnish',
487 silly registry.get     'last-modified': 'Mon, 12 Jan 2015 14:39:00 GMT',
487 silly registry.get     'cache-control': 'max-age=60',
487 silly registry.get     etag: '"67YH8N7D3M9CRY46PK8A9ZWEG"',
487 silly registry.get     age: '0',
487 silly registry.get     'x-served-by': 'cache-fra1230-FRA',
487 silly registry.get     'x-cache': 'HIT',
487 silly registry.get     'x-cache-hits': '1',
487 silly registry.get     'x-timer': 'S1421073540.263213,VS0,VE103',
487 silly registry.get     vary: 'Accept',
487 silly registry.get     'content-length': '0',
487 silly registry.get     'keep-alive': 'timeout=10, max=48',
487 silly registry.get     connection: 'Keep-Alive' } ]
488 verbose etag https://registry.npmjs.org/karma-html2js-preprocessor from cache
489 verbose addNamed [ 'karma-html2js-preprocessor', '0.1.0' ]
490 verbose addNamed [ '0.1.0', '0.1.0' ]
491 silly lockFile 2d2bfd7a-karma-html2js-preprocessor-0-1-0 karma-html2js-preprocessor@0.1.0
492 verbose lock karma-html2js-preprocessor@0.1.0 /home/mbenaissa/.npm/2d2bfd7a-karma-html2js-preprocessor-0-1-0.lock
493 silly lockFile d2d30e51-r-karma-junit-reporter-0-2-2-tgz https://registry.npmjs.org/karma-junit-reporter/-/karma-junit-reporter-0.2.2.tgz
494 silly lockFile d2d30e51-r-karma-junit-reporter-0-2-2-tgz https://registry.npmjs.org/karma-junit-reporter/-/karma-junit-reporter-0.2.2.tgz
495 silly lockFile 9c865114-karma-junit-reporter-0-2-2 karma-junit-reporter@0.2.2
496 silly lockFile 9c865114-karma-junit-reporter-0-2-2 karma-junit-reporter@0.2.2
497 silly lockFile 30dd8555-karma-junit-reporter-latest karma-junit-reporter@latest
498 silly lockFile 30dd8555-karma-junit-reporter-latest karma-junit-reporter@latest
499 silly lockFile 2d2bfd7a-karma-html2js-preprocessor-0-1-0 karma-html2js-preprocessor@0.1.0
500 silly lockFile 2d2bfd7a-karma-html2js-preprocessor-0-1-0 karma-html2js-preprocessor@0.1.0
501 silly lockFile 429a63ec-arma-html2js-preprocessor-latest karma-html2js-preprocessor@latest
502 silly lockFile 429a63ec-arma-html2js-preprocessor-latest karma-html2js-preprocessor@latest
503 http 304 https://registry.npmjs.org/karma-requirejs
504 silly registry.get cb [ 304,
504 silly registry.get   { date: 'Mon, 12 Jan 2015 14:39:00 GMT',
504 silly registry.get     server: 'Apache',
504 silly registry.get     via: '1.1 varnish',
504 silly registry.get     'last-modified': 'Mon, 12 Jan 2015 14:39:00 GMT',
504 silly registry.get     'cache-control': 'max-age=60',
504 silly registry.get     etag: '"EBKXLN6SYJ4QAEVSF4BDRCFY6"',
504 silly registry.get     age: '49',
504 silly registry.get     'x-served-by': 'cache-fra1230-FRA',
504 silly registry.get     'x-cache': 'HIT',
504 silly registry.get     'x-cache-hits': '1',
504 silly registry.get     'x-timer': 'S1421073540.387859,VS0,VE0',
504 silly registry.get     vary: 'Accept',
504 silly registry.get     'content-length': '0',
504 silly registry.get     'keep-alive': 'timeout=10, max=47',
504 silly registry.get     connection: 'Keep-Alive' } ]
505 verbose etag https://registry.npmjs.org/karma-requirejs from cache
506 info already installed karma-html2js-preprocessor@0.1.0
507 verbose addNamed [ 'karma-requirejs', '0.2.2' ]
508 verbose addNamed [ '0.2.2', '0.2.2' ]
509 silly lockFile 15265a5e-karma-requirejs-0-2-2 karma-requirejs@0.2.2
510 verbose lock karma-requirejs@0.2.2 /home/mbenaissa/.npm/15265a5e-karma-requirejs-0-2-2.lock
511 silly lockFile 15265a5e-karma-requirejs-0-2-2 karma-requirejs@0.2.2
512 silly lockFile 15265a5e-karma-requirejs-0-2-2 karma-requirejs@0.2.2
513 silly lockFile d5f0fa0a-karma-requirejs-latest karma-requirejs@latest
514 silly lockFile d5f0fa0a-karma-requirejs-latest karma-requirejs@latest
515 info already installed karma-requirejs@0.2.2
516 http 304 https://registry.npmjs.org/karma-coffee-preprocessor
517 silly registry.get cb [ 304,
517 silly registry.get   { date: 'Mon, 12 Jan 2015 14:39:00 GMT',
517 silly registry.get     server: 'Apache',
517 silly registry.get     via: '1.1 varnish',
517 silly registry.get     'last-modified': 'Mon, 12 Jan 2015 14:39:00 GMT',
517 silly registry.get     'cache-control': 'max-age=60',
517 silly registry.get     etag: '"8RSG9LO6SZS4PEI4886ROV0MI"',
517 silly registry.get     age: '0',
517 silly registry.get     'x-served-by': 'cache-fra1230-FRA',
517 silly registry.get     'x-cache': 'HIT',
517 silly registry.get     'x-cache-hits': '1',
517 silly registry.get     'x-timer': 'S1421073540.405885,VS0,VE105',
517 silly registry.get     vary: 'Accept',
517 silly registry.get     'content-length': '0',
517 silly registry.get     'keep-alive': 'timeout=10, max=46',
517 silly registry.get     connection: 'Keep-Alive' } ]
518 verbose etag https://registry.npmjs.org/karma-coffee-preprocessor from cache
519 verbose addNamed [ 'karma-coffee-preprocessor', '0.2.1' ]
520 verbose addNamed [ '0.2.1', '0.2.1' ]
521 silly lockFile 6ded3663-karma-coffee-preprocessor-0-2-1 karma-coffee-preprocessor@0.2.1
522 verbose lock karma-coffee-preprocessor@0.2.1 /home/mbenaissa/.npm/6ded3663-karma-coffee-preprocessor-0-2-1.lock
523 silly lockFile 6ded3663-karma-coffee-preprocessor-0-2-1 karma-coffee-preprocessor@0.2.1
524 silly lockFile 6ded3663-karma-coffee-preprocessor-0-2-1 karma-coffee-preprocessor@0.2.1
525 silly lockFile 12e6d8ac-karma-coffee-preprocessor-latest karma-coffee-preprocessor@latest
526 silly lockFile 12e6d8ac-karma-coffee-preprocessor-latest karma-coffee-preprocessor@latest
527 http 304 https://registry.npmjs.org/karma-phantomjs-launcher
528 silly registry.get cb [ 304,
528 silly registry.get   { date: 'Mon, 12 Jan 2015 14:39:00 GMT',
528 silly registry.get     server: 'Apache',
528 silly registry.get     via: '1.1 varnish',
528 silly registry.get     'last-modified': 'Mon, 12 Jan 2015 14:39:00 GMT',
528 silly registry.get     'cache-control': 'max-age=60',
528 silly registry.get     etag: '"66UFY5MR6A83JYRYD5F5XPBQP"',
528 silly registry.get     age: '25',
528 silly registry.get     'x-served-by': 'cache-fra1230-FRA',
528 silly registry.get     'x-cache': 'HIT',
528 silly registry.get     'x-cache-hits': '1',
528 silly registry.get     'x-timer': 'S1421073540.528179,VS0,VE0',
528 silly registry.get     vary: 'Accept',
528 silly registry.get     'content-length': '0',
528 silly registry.get     'keep-alive': 'timeout=10, max=45',
528 silly registry.get     connection: 'Keep-Alive' } ]
529 verbose etag https://registry.npmjs.org/karma-phantomjs-launcher from cache
530 info already installed karma-coffee-preprocessor@0.2.1
531 verbose addNamed [ 'karma-phantomjs-launcher', '0.1.4' ]
532 verbose addNamed [ '0.1.4', '0.1.4' ]
533 silly lockFile 5b4ecc13-karma-phantomjs-launcher-0-1-4 karma-phantomjs-launcher@0.1.4
534 verbose lock karma-phantomjs-launcher@0.1.4 /home/mbenaissa/.npm/5b4ecc13-karma-phantomjs-launcher-0-1-4.lock
535 silly lockFile 5b4ecc13-karma-phantomjs-launcher-0-1-4 karma-phantomjs-launcher@0.1.4
536 silly lockFile 5b4ecc13-karma-phantomjs-launcher-0-1-4 karma-phantomjs-launcher@0.1.4
537 silly lockFile 42167f8a-karma-phantomjs-launcher-latest karma-phantomjs-launcher@latest
538 silly lockFile 42167f8a-karma-phantomjs-launcher-latest karma-phantomjs-launcher@latest
539 info already installed karma-phantomjs-launcher@0.1.4
540 http 304 https://registry.npmjs.org/chai
541 silly registry.get cb [ 304,
541 silly registry.get   { date: 'Mon, 12 Jan 2015 14:39:00 GMT',
541 silly registry.get     server: 'Apache',
541 silly registry.get     via: '1.1 varnish',
541 silly registry.get     'last-modified': 'Mon, 12 Jan 2015 14:39:00 GMT',
541 silly registry.get     'cache-control': 'max-age=60',
541 silly registry.get     etag: '"RVNUIFJULAIIHZO81MKYJ794"',
541 silly registry.get     age: '41',
541 silly registry.get     'x-served-by': 'cache-fra1230-FRA',
541 silly registry.get     'x-cache': 'HIT',
541 silly registry.get     'x-cache-hits': '1',
541 silly registry.get     'x-timer': 'S1421073540.546699,VS0,VE0',
541 silly registry.get     vary: 'Accept',
541 silly registry.get     'content-length': '0',
541 silly registry.get     'keep-alive': 'timeout=10, max=44',
541 silly registry.get     connection: 'Keep-Alive' } ]
542 verbose etag https://registry.npmjs.org/chai from cache
543 verbose addNamed [ 'chai', '1.10.0' ]
544 verbose addNamed [ '1.10.0', '1.10.0' ]
545 silly lockFile 6724da50-chai-1-10-0 chai@1.10.0
546 verbose lock chai@1.10.0 /home/mbenaissa/.npm/6724da50-chai-1-10-0.lock
547 silly lockFile 6724da50-chai-1-10-0 chai@1.10.0
548 silly lockFile 6724da50-chai-1-10-0 chai@1.10.0
549 silly lockFile 332f8fe7-chai-latest chai@latest
550 silly lockFile 332f8fe7-chai-latest chai@latest
551 info already installed chai@1.10.0
552 http 304 https://registry.npmjs.org/karma-safari-launcher
553 silly registry.get cb [ 304,
553 silly registry.get   { date: 'Mon, 12 Jan 2015 14:39:00 GMT',
553 silly registry.get     server: 'Apache',
553 silly registry.get     via: '1.1 varnish',
553 silly registry.get     'last-modified': 'Mon, 12 Jan 2015 14:39:00 GMT',
553 silly registry.get     'cache-control': 'max-age=60',
553 silly registry.get     etag: '"DPRFYL5G6DABIDDSZZFTQADZI"',
553 silly registry.get     age: '0',
553 silly registry.get     'x-served-by': 'cache-fra1247-FRA',
553 silly registry.get     'x-cache': 'HIT',
553 silly registry.get     'x-cache-hits': '1',
553 silly registry.get     'x-timer': 'S1421073540.233622,VS0,VE419',
553 silly registry.get     vary: 'Accept',
553 silly registry.get     'content-length': '0',
553 silly registry.get     'keep-alive': 'timeout=10, max=49',
553 silly registry.get     connection: 'Keep-Alive' } ]
554 verbose etag https://registry.npmjs.org/karma-safari-launcher from cache
555 verbose addNamed [ 'karma-safari-launcher', '0.1.1' ]
556 verbose addNamed [ '0.1.1', '0.1.1' ]
557 silly lockFile da3b0218-karma-safari-launcher-0-1-1 karma-safari-launcher@0.1.1
558 verbose lock karma-safari-launcher@0.1.1 /home/mbenaissa/.npm/da3b0218-karma-safari-launcher-0-1-1.lock
559 silly lockFile da3b0218-karma-safari-launcher-0-1-1 karma-safari-launcher@0.1.1
560 silly lockFile da3b0218-karma-safari-launcher-0-1-1 karma-safari-launcher@0.1.1
561 silly lockFile 710372b0-karma-safari-launcher-latest karma-safari-launcher@latest
562 silly lockFile 710372b0-karma-safari-launcher-latest karma-safari-launcher@latest
563 info already installed karma-safari-launcher@0.1.1
564 http 304 https://registry.npmjs.org/jshint
565 silly registry.get cb [ 304,
565 silly registry.get   { date: 'Mon, 12 Jan 2015 14:39:00 GMT',
565 silly registry.get     server: 'Apache',
565 silly registry.get     via: '1.1 varnish',
565 silly registry.get     'last-modified': 'Mon, 12 Jan 2015 14:39:00 GMT',
565 silly registry.get     'cache-control': 'max-age=60',
565 silly registry.get     etag: '"3534HPPBDGLOD0GX66TX0XI3M"',
565 silly registry.get     age: '37',
565 silly registry.get     'x-served-by': 'cache-fra1247-FRA',
565 silly registry.get     'x-cache': 'HIT',
565 silly registry.get     'x-cache-hits': '1',
565 silly registry.get     'x-timer': 'S1421073540.673944,VS0,VE0',
565 silly registry.get     vary: 'Accept',
565 silly registry.get     'content-length': '0',
565 silly registry.get     'keep-alive': 'timeout=10, max=48',
565 silly registry.get     connection: 'Keep-Alive' } ]
566 verbose etag https://registry.npmjs.org/jshint from cache
567 http 304 https://registry.npmjs.org/ng-midway-tester
568 silly registry.get cb [ 304,
568 silly registry.get   { date: 'Mon, 12 Jan 2015 14:39:00 GMT',
568 silly registry.get     server: 'Apache',
568 silly registry.get     via: '1.1 varnish',
568 silly registry.get     'last-modified': 'Mon, 12 Jan 2015 14:39:00 GMT',
568 silly registry.get     'cache-control': 'max-age=60',
568 silly registry.get     etag: '"A81AMOS9IBUBVWEQUSY0PNBQV"',
568 silly registry.get     age: '0',
568 silly registry.get     'x-served-by': 'cache-fra1230-FRA',
568 silly registry.get     'x-cache': 'MISS',
568 silly registry.get     'x-cache-hits': '0',
568 silly registry.get     'x-timer': 'S1421073540.570910,VS0,VE105',
568 silly registry.get     vary: 'Accept',
568 silly registry.get     'content-length': '0',
568 silly registry.get     'keep-alive': 'timeout=10, max=43',
568 silly registry.get     connection: 'Keep-Alive' } ]
569 verbose etag https://registry.npmjs.org/ng-midway-tester from cache
570 verbose addNamed [ 'jshint', '2.5.11' ]
571 verbose addNamed [ '2.5.11', '2.5.11' ]
572 silly lockFile 177b55c5-jshint-2-5-11 jshint@2.5.11
573 verbose lock jshint@2.5.11 /home/mbenaissa/.npm/177b55c5-jshint-2-5-11.lock
574 verbose addNamed [ 'ng-midway-tester', '2.0.5' ]
575 verbose addNamed [ '2.0.5', '2.0.5' ]
576 silly lockFile 0b47b63f-ng-midway-tester-2-0-5 ng-midway-tester@2.0.5
577 verbose lock ng-midway-tester@2.0.5 /home/mbenaissa/.npm/0b47b63f-ng-midway-tester-2-0-5.lock
578 silly lockFile 177b55c5-jshint-2-5-11 jshint@2.5.11
579 silly lockFile 177b55c5-jshint-2-5-11 jshint@2.5.11
580 http 304 https://registry.npmjs.org/bower
581 silly registry.get cb [ 304,
581 silly registry.get   { date: 'Mon, 12 Jan 2015 14:39:00 GMT',
581 silly registry.get     server: 'Apache',
581 silly registry.get     via: '1.1 varnish',
581 silly registry.get     'last-modified': 'Mon, 12 Jan 2015 14:38:09 GMT',
581 silly registry.get     'cache-control': 'max-age=60',
581 silly registry.get     etag: '"232E5M840FMIC7FBPX3GZWKF1"',
581 silly registry.get     age: '57',
581 silly registry.get     'x-served-by': 'cache-fra1230-FRA',
581 silly registry.get     'x-cache': 'HIT',
581 silly registry.get     'x-cache-hits': '2',
581 silly registry.get     'x-timer': 'S1421073540.702998,VS0,VE0',
581 silly registry.get     vary: 'Accept',
581 silly registry.get     'content-length': '0',
581 silly registry.get     'keep-alive': 'timeout=10, max=42',
581 silly registry.get     connection: 'Keep-Alive' } ]
582 verbose etag https://registry.npmjs.org/bower from cache
583 silly lockFile 0b47b63f-ng-midway-tester-2-0-5 ng-midway-tester@2.0.5
584 silly lockFile 0b47b63f-ng-midway-tester-2-0-5 ng-midway-tester@2.0.5
585 silly lockFile 8dffed48-jshint-latest jshint@latest
586 silly lockFile 8dffed48-jshint-latest jshint@latest
587 silly lockFile 0a909788-ng-midway-tester-latest ng-midway-tester@latest
588 silly lockFile 0a909788-ng-midway-tester-latest ng-midway-tester@latest
589 verbose addNamed [ 'bower', '1.3.12' ]
590 verbose addNamed [ '1.3.12', '1.3.12' ]
591 silly lockFile 9819431c-bower-1-3-12 bower@1.3.12
592 verbose lock bower@1.3.12 /home/mbenaissa/.npm/9819431c-bower-1-3-12.lock
593 info already installed ng-midway-tester@2.0.5
594 info already installed jshint@2.5.11
595 silly lockFile 9819431c-bower-1-3-12 bower@1.3.12
596 silly lockFile 9819431c-bower-1-3-12 bower@1.3.12
597 silly lockFile 09819b10-bower-latest bower@latest
598 silly lockFile 09819b10-bower-latest bower@latest
599 http 304 https://registry.npmjs.org/karma
600 silly registry.get cb [ 304,
600 silly registry.get   { date: 'Mon, 12 Jan 2015 14:39:00 GMT',
600 silly registry.get     server: 'Apache',
600 silly registry.get     via: '1.1 varnish',
600 silly registry.get     'last-modified': 'Mon, 12 Jan 2015 14:39:00 GMT',
600 silly registry.get     'cache-control': 'max-age=60',
600 silly registry.get     etag: '"172JHDJ08HJNGUNQ0D2MWEM9I"',
600 silly registry.get     age: '7',
600 silly registry.get     'x-served-by': 'cache-fra1230-FRA',
600 silly registry.get     'x-cache': 'HIT',
600 silly registry.get     'x-cache-hits': '1',
600 silly registry.get     'x-timer': 'S1421073540.722713,VS0,VE3',
600 silly registry.get     vary: 'Accept',
600 silly registry.get     'content-length': '0',
600 silly registry.get     'keep-alive': 'timeout=10, max=41',
600 silly registry.get     connection: 'Keep-Alive' } ]
601 verbose etag https://registry.npmjs.org/karma from cache
602 info already installed bower@1.3.12
603 verbose addNamed [ 'karma', '0.12.31' ]
604 verbose addNamed [ '0.12.31', '0.12.31' ]
605 silly lockFile feea9de1-karma-0-12-31 karma@0.12.31
606 verbose lock karma@0.12.31 /home/mbenaissa/.npm/feea9de1-karma-0-12-31.lock
607 silly lockFile feea9de1-karma-0-12-31 karma@0.12.31
608 silly lockFile feea9de1-karma-0-12-31 karma@0.12.31
609 silly lockFile 3f9391e6-karma-latest karma@latest
610 silly lockFile 3f9391e6-karma-latest karma@latest
611 http 304 https://registry.npmjs.org/karma-jasmine
612 silly registry.get cb [ 304,
612 silly registry.get   { date: 'Mon, 12 Jan 2015 14:39:00 GMT',
612 silly registry.get     server: 'Apache',
612 silly registry.get     via: '1.1 varnish',
612 silly registry.get     'last-modified': 'Mon, 12 Jan 2015 14:39:00 GMT',
612 silly registry.get     'cache-control': 'max-age=60',
612 silly registry.get     etag: '"AOMPSDTEXWWW3ZX65FA0NDKC5"',
612 silly registry.get     age: '0',
612 silly registry.get     'x-served-by': 'cache-fra1221-FRA',
612 silly registry.get     'x-cache': 'HIT',
612 silly registry.get     'x-cache-hits': '1',
612 silly registry.get     'x-timer': 'S1421073540.337971,VS0,VE444',
612 silly registry.get     vary: 'Accept',
612 silly registry.get     'content-length': '0',
612 silly registry.get     'keep-alive': 'timeout=10, max=49',
612 silly registry.get     connection: 'Keep-Alive' } ]
613 verbose etag https://registry.npmjs.org/karma-jasmine from cache
614 verbose addNamed [ 'karma-jasmine', '0.3.4' ]
615 verbose addNamed [ '0.3.4', '0.3.4' ]
616 silly lockFile d662eb95-karma-jasmine-0-3-4 karma-jasmine@0.3.4
617 verbose lock karma-jasmine@0.3.4 /home/mbenaissa/.npm/d662eb95-karma-jasmine-0-3-4.lock
618 info already installed karma@0.12.31
619 silly lockFile d662eb95-karma-jasmine-0-3-4 karma-jasmine@0.3.4
620 silly lockFile d662eb95-karma-jasmine-0-3-4 karma-jasmine@0.3.4
621 silly lockFile fe6b688d-karma-jasmine-latest karma-jasmine@latest
622 silly lockFile fe6b688d-karma-jasmine-latest karma-jasmine@latest
623 info already installed karma-jasmine@0.3.4
624 http 304 https://registry.npmjs.org/grunt-karma
625 silly registry.get cb [ 304,
625 silly registry.get   { date: 'Mon, 12 Jan 2015 14:39:00 GMT',
625 silly registry.get     server: 'Apache',
625 silly registry.get     via: '1.1 varnish',
625 silly registry.get     'last-modified': 'Mon, 12 Jan 2015 14:39:00 GMT',
625 silly registry.get     'cache-control': 'max-age=60',
625 silly registry.get     etag: '"52QH11D95RVQ07P1PUE51ZX9H"',
625 silly registry.get     age: '0',
625 silly registry.get     'x-served-by': 'cache-fra1234-FRA',
625 silly registry.get     'x-cache': 'HIT',
625 silly registry.get     'x-cache-hits': '1',
625 silly registry.get     'x-timer': 'S1421073540.207232,VS0,VE737',
625 silly registry.get     vary: 'Accept',
625 silly registry.get     'content-length': '0',
625 silly registry.get     'keep-alive': 'timeout=10, max=50',
625 silly registry.get     connection: 'Keep-Alive' } ]
626 verbose etag https://registry.npmjs.org/grunt-karma from cache
627 http 304 https://registry.npmjs.org/karma-script-launcher
628 silly registry.get cb [ 304,
628 silly registry.get   { date: 'Mon, 12 Jan 2015 14:39:00 GMT',
628 silly registry.get     server: 'Apache',
628 silly registry.get     via: '1.1 varnish',
628 silly registry.get     'last-modified': 'Mon, 12 Jan 2015 14:39:00 GMT',
628 silly registry.get     'cache-control': 'max-age=60',
628 silly registry.get     etag: '"2T1RV4SJGELX2WQN5TRTPBMEC"',
628 silly registry.get     age: '0',
628 silly registry.get     'x-served-by': 'cache-fra1247-FRA',
628 silly registry.get     'x-cache': 'HIT',
628 silly registry.get     'x-cache-hits': '1',
628 silly registry.get     'x-timer': 'S1421073540.256268,VS0,VE689',
628 silly registry.get     vary: 'Accept',
628 silly registry.get     'content-length': '0',
628 silly registry.get     'keep-alive': 'timeout=10, max=48',
628 silly registry.get     connection: 'Keep-Alive' } ]
629 verbose etag https://registry.npmjs.org/karma-script-launcher from cache
630 verbose addNamed [ 'karma-script-launcher', '0.1.0' ]
631 verbose addNamed [ '0.1.0', '0.1.0' ]
632 silly lockFile 39eb1e84-karma-script-launcher-0-1-0 karma-script-launcher@0.1.0
633 verbose lock karma-script-launcher@0.1.0 /home/mbenaissa/.npm/39eb1e84-karma-script-launcher-0-1-0.lock
634 verbose addNamed [ 'grunt-karma', '0.10.1' ]
635 verbose addNamed [ '0.10.1', '0.10.1' ]
636 silly lockFile ea61fc97-grunt-karma-0-10-1 grunt-karma@0.10.1
637 verbose lock grunt-karma@0.10.1 /home/mbenaissa/.npm/ea61fc97-grunt-karma-0-10-1.lock
638 silly lockFile 39eb1e84-karma-script-launcher-0-1-0 karma-script-launcher@0.1.0
639 silly lockFile 39eb1e84-karma-script-launcher-0-1-0 karma-script-launcher@0.1.0
640 silly lockFile ea61fc97-grunt-karma-0-10-1 grunt-karma@0.10.1
641 silly lockFile ea61fc97-grunt-karma-0-10-1 grunt-karma@0.10.1
642 silly lockFile 81b83165-karma-script-launcher-latest karma-script-launcher@latest
643 silly lockFile 81b83165-karma-script-launcher-latest karma-script-launcher@latest
644 silly lockFile 60905be5-grunt-karma-latest grunt-karma@latest
645 silly lockFile 60905be5-grunt-karma-latest grunt-karma@latest
646 info already installed karma-script-launcher@0.1.0
647 info already installed grunt-karma@0.10.1
648 http 304 https://registry.npmjs.org/protractor
649 silly registry.get cb [ 304,
649 silly registry.get   { date: 'Mon, 12 Jan 2015 14:39:00 GMT',
649 silly registry.get     server: 'Apache',
649 silly registry.get     via: '1.1 varnish',
649 silly registry.get     'last-modified': 'Mon, 12 Jan 2015 14:39:01 GMT',
649 silly registry.get     'cache-control': 'max-age=60',
649 silly registry.get     etag: '"BJH3VDHMAOOW7PVHGHQFY5191"',
649 silly registry.get     age: '0',
649 silly registry.get     'x-served-by': 'cache-fra1247-FRA',
649 silly registry.get     'x-cache': 'HIT',
649 silly registry.get     'x-cache-hits': '1',
649 silly registry.get     'x-timer': 'S1421073540.698762,VS0,VE425',
649 silly registry.get     vary: 'Accept',
649 silly registry.get     'content-length': '0',
649 silly registry.get     'keep-alive': 'timeout=10, max=47',
649 silly registry.get     connection: 'Keep-Alive' } ]
650 verbose etag https://registry.npmjs.org/protractor from cache
651 verbose addNamed [ 'protractor', '1.6.0' ]
652 verbose addNamed [ '1.6.0', '1.6.0' ]
653 silly lockFile 86eafad1-protractor-1-6-0 protractor@1.6.0
654 verbose lock protractor@1.6.0 /home/mbenaissa/.npm/86eafad1-protractor-1-6-0.lock
655 silly lockFile 86eafad1-protractor-1-6-0 protractor@1.6.0
656 silly lockFile 86eafad1-protractor-1-6-0 protractor@1.6.0
657 silly lockFile 197c7c37-protractor-latest protractor@latest
658 silly lockFile 197c7c37-protractor-latest protractor@latest
659 info already installed protractor@1.6.0
660 silly resolved [ { name: 'karma-junit-reporter',
660 silly resolved     version: '0.2.2',
660 silly resolved     description: 'A Karma plugin. Report results in junit xml format.',
660 silly resolved     main: 'index.js',
660 silly resolved     scripts: { test: 'echo "Error: no test specified" && exit 1' },
660 silly resolved     repository:
660 silly resolved      { type: 'git',
660 silly resolved        url: 'git://github.com/karma-runner/karma-junit-reporter.git' },
660 silly resolved     keywords: [ 'karma-plugin', 'karma-reporter', 'junit' ],
660 silly resolved     author: { name: 'Vojta Jina', email: 'vojta.jina@gmail.com' },
660 silly resolved     dependencies: { xmlbuilder: '0.4.2' },
660 silly resolved     peerDependencies: { karma: '>=0.9' },
660 silly resolved     license: 'MIT',
660 silly resolved     devDependencies:
660 silly resolved      { grunt: '~0.4.1',
660 silly resolved        'grunt-npm': '~0.0.2',
660 silly resolved        'grunt-bump': '~0.0.7',
660 silly resolved        'grunt-auto-release': '~0.0.2' },
660 silly resolved     contributors: [ [Object], [Object], [Object], [Object] ],
660 silly resolved     bugs: { url: 'https://github.com/karma-runner/karma-junit-reporter/issues' },
660 silly resolved     homepage: 'https://github.com/karma-runner/karma-junit-reporter',
660 silly resolved     _id: 'karma-junit-reporter@0.2.2',
660 silly resolved     dist:
660 silly resolved      { shasum: '4cdd4e21affd3e090e7ba73e3c766ea9e13c45ba',
660 silly resolved        tarball: 'http://registry.npmjs.org/karma-junit-reporter/-/karma-junit-reporter-0.2.2.tgz' },
660 silly resolved     _from: 'karma-junit-reporter@latest',
660 silly resolved     _npmVersion: '1.4.4',
660 silly resolved     _npmUser: { name: 'vojtajina', email: 'vojta.jina@gmail.com' },
660 silly resolved     maintainers: [ [Object] ],
660 silly resolved     directories: {},
660 silly resolved     _shasum: '4cdd4e21affd3e090e7ba73e3c766ea9e13c45ba',
660 silly resolved     _resolved: 'https://registry.npmjs.org/karma-junit-reporter/-/karma-junit-reporter-0.2.2.tgz' } ]
661 info install karma-junit-reporter@0.2.2 into /home/mbenaissa/viadeo/LB
662 info installOne karma-junit-reporter@0.2.2
663 verbose node_modules/karma-junit-reporter unbuild
664 verbose tar unpack /home/mbenaissa/.npm/karma-junit-reporter/0.2.2/package.tgz
665 silly lockFile 569eb634-ode-modules-karma-junit-reporter tar:///home/mbenaissa/viadeo/LB/node_modules/karma-junit-reporter
666 verbose lock tar:///home/mbenaissa/viadeo/LB/node_modules/karma-junit-reporter /home/mbenaissa/.npm/569eb634-ode-modules-karma-junit-reporter.lock
667 silly lockFile 2f6b9f41-junit-reporter-0-2-2-package-tgz tar:///home/mbenaissa/.npm/karma-junit-reporter/0.2.2/package.tgz
668 verbose lock tar:///home/mbenaissa/.npm/karma-junit-reporter/0.2.2/package.tgz /home/mbenaissa/.npm/2f6b9f41-junit-reporter-0-2-2-package-tgz.lock
669 silly gunzTarPerm modes [ '775', '664' ]
670 silly gunzTarPerm extractEntry package.json
671 silly gunzTarPerm modified mode [ 'package.json', 420, 436 ]
672 silly gunzTarPerm extractEntry README.md
673 silly gunzTarPerm modified mode [ 'README.md', 420, 436 ]
674 silly gunzTarPerm extractEntry LICENSE
675 silly gunzTarPerm modified mode [ 'LICENSE', 420, 436 ]
676 silly gunzTarPerm extractEntry index.js
677 silly gunzTarPerm modified mode [ 'index.js', 420, 436 ]
678 silly lockFile 569eb634-ode-modules-karma-junit-reporter tar:///home/mbenaissa/viadeo/LB/node_modules/karma-junit-reporter
679 silly lockFile 569eb634-ode-modules-karma-junit-reporter tar:///home/mbenaissa/viadeo/LB/node_modules/karma-junit-reporter
680 silly lockFile 2f6b9f41-junit-reporter-0-2-2-package-tgz tar:///home/mbenaissa/.npm/karma-junit-reporter/0.2.2/package.tgz
681 silly lockFile 2f6b9f41-junit-reporter-0-2-2-package-tgz tar:///home/mbenaissa/.npm/karma-junit-reporter/0.2.2/package.tgz
682 info preinstall karma-junit-reporter@0.2.2
683 verbose readDependencies using package.json deps
684 verbose readDependencies using package.json deps
685 verbose cache add [ 'xmlbuilder@0.4.2', null ]
686 verbose cache add name=undefined spec="xmlbuilder@0.4.2" args=["xmlbuilder@0.4.2",null]
687 verbose parsed url { protocol: null,
687 verbose parsed url   slashes: null,
687 verbose parsed url   auth: null,
687 verbose parsed url   host: null,
687 verbose parsed url   port: null,
687 verbose parsed url   hostname: null,
687 verbose parsed url   hash: null,
687 verbose parsed url   search: null,
687 verbose parsed url   query: null,
687 verbose parsed url   pathname: 'xmlbuilder@0.4.2',
687 verbose parsed url   path: 'xmlbuilder@0.4.2',
687 verbose parsed url   href: 'xmlbuilder@0.4.2' }
688 verbose cache add name="xmlbuilder" spec="0.4.2" args=["xmlbuilder","0.4.2"]
689 verbose parsed url { protocol: null,
689 verbose parsed url   slashes: null,
689 verbose parsed url   auth: null,
689 verbose parsed url   host: null,
689 verbose parsed url   port: null,
689 verbose parsed url   hostname: null,
689 verbose parsed url   hash: null,
689 verbose parsed url   search: null,
689 verbose parsed url   query: null,
689 verbose parsed url   pathname: '0.4.2',
689 verbose parsed url   path: '0.4.2',
689 verbose parsed url   href: '0.4.2' }
690 verbose addNamed [ 'xmlbuilder', '0.4.2' ]
691 verbose addNamed [ '0.4.2', '0.4.2' ]
692 silly lockFile b92b370d-xmlbuilder-0-4-2 xmlbuilder@0.4.2
693 verbose lock xmlbuilder@0.4.2 /home/mbenaissa/.npm/b92b370d-xmlbuilder-0-4-2.lock
694 verbose request where is /xmlbuilder
695 verbose request registry https://registry.npmjs.org/
696 verbose url raw /xmlbuilder
697 verbose url resolving [ 'https://registry.npmjs.org/', './xmlbuilder' ]
698 verbose url resolved https://registry.npmjs.org/xmlbuilder
699 verbose request where is https://registry.npmjs.org/xmlbuilder
700 info trying registry request attempt 1 at 15:39:01
701 verbose etag "7JWLQMUEMF1ZRIESUF9ZMHYZ4"
702 http GET https://registry.npmjs.org/xmlbuilder
703 http 304 https://registry.npmjs.org/xmlbuilder
704 silly registry.get cb [ 304,
704 silly registry.get   { date: 'Mon, 12 Jan 2015 14:39:01 GMT',
704 silly registry.get     server: 'Apache',
704 silly registry.get     via: '1.1 varnish',
704 silly registry.get     'last-modified': 'Mon, 12 Jan 2015 14:39:01 GMT',
704 silly registry.get     'cache-control': 'max-age=60',
704 silly registry.get     etag: '"7JWLQMUEMF1ZRIESUF9ZMHYZ4"',
704 silly registry.get     age: '34',
704 silly registry.get     'x-served-by': 'cache-fra1246-FRA',
704 silly registry.get     'x-cache': 'HIT',
704 silly registry.get     'x-cache-hits': '1',
704 silly registry.get     'x-timer': 'S1421073541.298131,VS0,VE1',
704 silly registry.get     vary: 'Accept',
704 silly registry.get     'content-length': '0',
704 silly registry.get     'keep-alive': 'timeout=10, max=50',
704 silly registry.get     connection: 'Keep-Alive' } ]
705 verbose etag https://registry.npmjs.org/xmlbuilder from cache
706 silly lockFile b92b370d-xmlbuilder-0-4-2 xmlbuilder@0.4.2
707 silly lockFile b92b370d-xmlbuilder-0-4-2 xmlbuilder@0.4.2
708 silly resolved [ { name: 'xmlbuilder',
708 silly resolved     version: '0.4.2',
708 silly resolved     keywords: [ 'xml', 'xmlbuilder' ],
708 silly resolved     homepage: 'http://github.com/oozcitak/xmlbuilder-js',
708 silly resolved     description: 'An XML builder for node.js',
708 silly resolved     author: { name: 'Ozgur Ozcitak', email: 'oozcitak@gmail.com' },
708 silly resolved     licenses: [ [Object] ],
708 silly resolved     repository:
708 silly resolved      { type: 'git',
708 silly resolved        url: 'git://github.com/oozcitak/xmlbuilder-js.git' },
708 silly resolved     bugs: { url: 'http://github.com/oozcitak/xmlbuilder-js/issues' },
708 silly resolved     main: './lib/index',
708 silly resolved     engines: { node: '>=0.2.0' },
708 silly resolved     devDependencies: { 'coffee-script': '1.1.x' },
708 silly resolved     scripts: { test: 'make test' },
708 silly resolved     _npmUser: { name: 'oozcitak', email: 'oozcitak@gmail.com' },
708 silly resolved     _id: 'xmlbuilder@0.4.2',
708 silly resolved     dependencies: {},
708 silly resolved     _engineSupported: true,
708 silly resolved     _npmVersion: '1.1.0-alpha-2',
708 silly resolved     _nodeVersion: 'v0.6.3',
708 silly resolved     _defaultsLoaded: true,
708 silly resolved     dist:
708 silly resolved      { shasum: '1776d65f3fdbad470a08d8604cdeb1c4e540ff83',
708 silly resolved        tarball: 'http://registry.npmjs.org/xmlbuilder/-/xmlbuilder-0.4.2.tgz' },
708 silly resolved     maintainers: [ [Object] ],
708 silly resolved     directories: {},
708 silly resolved     _shasum: '1776d65f3fdbad470a08d8604cdeb1c4e540ff83',
708 silly resolved     _from: 'xmlbuilder@0.4.2',
708 silly resolved     _resolved: 'https://registry.npmjs.org/xmlbuilder/-/xmlbuilder-0.4.2.tgz',
708 silly resolved     readme: 'ERROR: No README data found!' } ]
709 info install xmlbuilder@0.4.2 into /home/mbenaissa/viadeo/LB/node_modules/karma-junit-reporter
710 info installOne xmlbuilder@0.4.2
711 verbose node_modules/karma-junit-reporter/node_modules/xmlbuilder unbuild
712 verbose tar unpack /home/mbenaissa/.npm/xmlbuilder/0.4.2/package.tgz
713 silly lockFile b99f5508-reporter-node-modules-xmlbuilder tar:///home/mbenaissa/viadeo/LB/node_modules/karma-junit-reporter/node_modules/xmlbuilder
714 verbose lock tar:///home/mbenaissa/viadeo/LB/node_modules/karma-junit-reporter/node_modules/xmlbuilder /home/mbenaissa/.npm/b99f5508-reporter-node-modules-xmlbuilder.lock
715 silly lockFile b231e5d1-npm-xmlbuilder-0-4-2-package-tgz tar:///home/mbenaissa/.npm/xmlbuilder/0.4.2/package.tgz
716 verbose lock tar:///home/mbenaissa/.npm/xmlbuilder/0.4.2/package.tgz /home/mbenaissa/.npm/b231e5d1-npm-xmlbuilder-0-4-2-package-tgz.lock
717 silly gunzTarPerm modes [ '775', '664' ]
718 silly gunzTarPerm extractEntry package.json
719 silly gunzTarPerm modified mode [ 'package.json', 420, 436 ]
720 silly gunzTarPerm extractEntry README.md
721 silly gunzTarPerm modified mode [ 'README.md', 420, 436 ]
722 silly gunzTarPerm extractEntry .npmignore
723 silly gunzTarPerm modified mode [ '.npmignore', 420, 436 ]
724 silly gunzTarPerm extractEntry lib/
725 silly gunzTarPerm modified mode [ 'lib/', 493, 509 ]
726 silly gunzTarPerm extractEntry lib/XMLFragment.js
727 silly gunzTarPerm modified mode [ 'lib/XMLFragment.js', 420, 436 ]
728 silly gunzTarPerm extractEntry lib/XMLBuilder.js
729 silly gunzTarPerm modified mode [ 'lib/XMLBuilder.js', 420, 436 ]
730 silly gunzTarPerm extractEntry lib/index.js
731 silly gunzTarPerm modified mode [ 'lib/index.js', 420, 436 ]
732 silly lockFile b99f5508-reporter-node-modules-xmlbuilder tar:///home/mbenaissa/viadeo/LB/node_modules/karma-junit-reporter/node_modules/xmlbuilder
733 silly lockFile b99f5508-reporter-node-modules-xmlbuilder tar:///home/mbenaissa/viadeo/LB/node_modules/karma-junit-reporter/node_modules/xmlbuilder
734 silly lockFile b231e5d1-npm-xmlbuilder-0-4-2-package-tgz tar:///home/mbenaissa/.npm/xmlbuilder/0.4.2/package.tgz
735 silly lockFile b231e5d1-npm-xmlbuilder-0-4-2-package-tgz tar:///home/mbenaissa/.npm/xmlbuilder/0.4.2/package.tgz
736 info preinstall xmlbuilder@0.4.2
737 verbose readDependencies using package.json deps
738 verbose readDependencies using package.json deps
739 silly resolved []
740 verbose about to build /home/mbenaissa/viadeo/LB/node_modules/karma-junit-reporter/node_modules/xmlbuilder
741 info build /home/mbenaissa/viadeo/LB/node_modules/karma-junit-reporter/node_modules/xmlbuilder
742 verbose linkStuff [ false,
742 verbose linkStuff   false,
742 verbose linkStuff   false,
742 verbose linkStuff   '/home/mbenaissa/viadeo/LB/node_modules/karma-junit-reporter/node_modules' ]
743 info linkStuff xmlbuilder@0.4.2
744 verbose linkBins xmlbuilder@0.4.2
745 verbose linkMans xmlbuilder@0.4.2
746 verbose rebuildBundles xmlbuilder@0.4.2
747 info install xmlbuilder@0.4.2
748 info postinstall xmlbuilder@0.4.2
749 verbose about to build /home/mbenaissa/viadeo/LB/node_modules/karma-junit-reporter
750 info build /home/mbenaissa/viadeo/LB/node_modules/karma-junit-reporter
751 verbose linkStuff [ false, false, false, '/home/mbenaissa/viadeo/LB/node_modules' ]
752 info linkStuff karma-junit-reporter@0.2.2
753 verbose linkBins karma-junit-reporter@0.2.2
754 verbose linkMans karma-junit-reporter@0.2.2
755 verbose rebuildBundles karma-junit-reporter@0.2.2
756 verbose rebuildBundles [ 'xmlbuilder' ]
757 info install karma-junit-reporter@0.2.2
758 info postinstall karma-junit-reporter@0.2.2
759 info build /home/mbenaissa/viadeo/LB
760 verbose linkStuff [ false, false, false, '/home/mbenaissa/viadeo' ]
761 info linkStuff AppLB@0.0.0
762 verbose linkBins AppLB@0.0.0
763 verbose linkMans AppLB@0.0.0
764 verbose rebuildBundles AppLB@0.0.0
765 verbose rebuildBundles [ '.bin',
765 verbose rebuildBundles   'bower',
765 verbose rebuildBundles   'chai',
765 verbose rebuildBundles   'compression',
765 verbose rebuildBundles   'debug',
765 verbose rebuildBundles   'errorhandler',
765 verbose rebuildBundles   'express-session',
765 verbose rebuildBundles   'grunt',
765 verbose rebuildBundles   'grunt-contrib-concat',
765 verbose rebuildBundles   'grunt-contrib-connect',
765 verbose rebuildBundles   'grunt-contrib-copy',
765 verbose rebuildBundles   'grunt-contrib-uglify',
765 verbose rebuildBundles   'grunt-contrib-watch',
765 verbose rebuildBundles   'grunt-css',
765 verbose rebuildBundles   'grunt-karma',
765 verbose rebuildBundles   'grunt-open',
765 verbose rebuildBundles   'grunt-shell',
765 verbose rebuildBundles   'jasmine-core',
765 verbose rebuildBundles   'jshint',
765 verbose rebuildBundles   'karma',
765 verbose rebuildBundles   'karma-chrome-launcher',
765 verbose rebuildBundles   'karma-coffee-preprocessor',
765 verbose rebuildBundles   'karma-firefox-launcher',
765 verbose rebuildBundles   'karma-html2js-preprocessor',
765 verbose rebuildBundles   'karma-jasmine',
765 verbose rebuildBundles   'karma-junit-reporter',
765 verbose rebuildBundles   'karma-mocha',
765 verbose rebuildBundles   'karma-ng-scenario',
765 verbose rebuildBundles   'karma-phantomjs-launcher',
765 verbose rebuildBundles   'karma-requirejs',
765 verbose rebuildBundles   'karma-safari-launcher',
765 verbose rebuildBundles   'karma-script-launcher',
765 verbose rebuildBundles   'loopback',
765 verbose rebuildBundles   'loopback-boot',
765 verbose rebuildBundles   'loopback-datasource-juggler',
765 verbose rebuildBundles   'loopback-explorer',
765 verbose rebuildBundles   'matchdep',
765 verbose rebuildBundles   'mocha',
765 verbose rebuildBundles   'ng-midway-tester',
765 verbose rebuildBundles   'protractor',
765 verbose rebuildBundles   'requirejs',
765 verbose rebuildBundles   'serve-favicon',
765 verbose rebuildBundles   'shelljs',
765 verbose rebuildBundles   'strongloop',
765 verbose rebuildBundles   'underscore' ]
766 verbose rebuild bundle /home/mbenaissa/viadeo/LB/node_modules/jasmine-core
767 info build /home/mbenaissa/viadeo/LB/node_modules/jasmine-core
768 info preinstall jasmine-core@2.1.3
769 verbose linkStuff [ false, false, false, '/home/mbenaissa/viadeo/LB/node_modules' ]
770 info linkStuff jasmine-core@2.1.3
771 verbose linkBins jasmine-core@2.1.3
772 verbose linkMans jasmine-core@2.1.3
773 verbose rebuildBundles jasmine-core@2.1.3
774 info install jasmine-core@2.1.3
775 info postinstall jasmine-core@2.1.3
776 verbose rebuild bundle /home/mbenaissa/viadeo/LB/node_modules/mocha
777 info build /home/mbenaissa/viadeo/LB/node_modules/mocha
778 info preinstall mocha@2.1.0
779 verbose linkStuff [ false, false, false, '/home/mbenaissa/viadeo/LB/node_modules' ]
780 info linkStuff mocha@2.1.0
781 verbose linkBins mocha@2.1.0
782 verbose link bins [ { mocha: './bin/mocha', _mocha: './bin/_mocha' },
782 verbose link bins   '/home/mbenaissa/viadeo/LB/node_modules/.bin',
782 verbose link bins   false ]
783 verbose linkMans mocha@2.1.0
784 verbose rebuildBundles mocha@2.1.0
785 verbose rebuildBundles [ '.bin',
785 verbose rebuildBundles   'commander',
785 verbose rebuildBundles   'diff',
785 verbose rebuildBundles   'escape-string-regexp',
785 verbose rebuildBundles   'glob',
785 verbose rebuildBundles   'growl',
785 verbose rebuildBundles   'jade',
785 verbose rebuildBundles   'mkdirp' ]
786 error Error: EACCES, unlink '/home/mbenaissa/viadeo/LB/node_modules/.bin/mocha'
786 error  { [Error: EACCES, unlink '/home/mbenaissa/viadeo/LB/node_modules/.bin/mocha']
786 error   errno: 3,
786 error   code: 'EACCES',
786 error   path: '/home/mbenaissa/viadeo/LB/node_modules/.bin/mocha' }
787 error Please try running this command again as root/Administrator.
788 error System Linux 3.13.0-43-generic
789 error command "/usr/bin/node" "/usr/bin/npm" "install"
790 error cwd /home/mbenaissa/viadeo/LB
791 error node -v v0.10.33
792 error npm -v 1.4.28
793 error path /home/mbenaissa/viadeo/LB/node_modules/.bin/mocha
794 error code EACCES
795 error errno 3
796 error stack Error: EACCES, unlink '/home/mbenaissa/viadeo/LB/node_modules/.bin/mocha'
797 verbose exit [ 3, true ]
